;  LST file generated by mikroListExporter - v.2.0 
; Date/Time: 08/12/2021 23:22:37
;----------------------------------------------

;Address Opcode 	ASM
0x0000	0x2A09      	GOTO       521
_blink_on:
;Led_Blink_01.c,7 :: 		void blink_on() {
;Led_Blink_01.c,8 :: 		PORTB = 0b11111111;
0x0003	0x30FF      	MOVLW      255
0x0004	0x1283      	BCF        STATUS, 5
0x0005	0x0086      	MOVWF      PORTB
;Led_Blink_01.c,9 :: 		delay_ms(500);
0x0006	0x3006      	MOVLW      6
0x0007	0x00CB      	MOVWF      R11
0x0008	0x3013      	MOVLW      19
0x0009	0x00CC      	MOVWF      R12
0x000A	0x30AD      	MOVLW      173
0x000B	0x00CD      	MOVWF      R13
L_blink_on0:
0x000C	0x0BCD      	DECFSZ     R13, 1
0x000D	0x280C      	GOTO       L_blink_on0
0x000E	0x0BCC      	DECFSZ     R12, 1
0x000F	0x280C      	GOTO       L_blink_on0
0x0010	0x0BCB      	DECFSZ     R11, 1
0x0011	0x280C      	GOTO       L_blink_on0
0x0012	0x0000      	NOP
0x0013	0x0000      	NOP
;Led_Blink_01.c,10 :: 		}
L_end_blink_on:
0x0014	0x0008      	RETURN
; end of _blink_on
_blink_off:
;Led_Blink_01.c,12 :: 		void blink_off() {
;Led_Blink_01.c,13 :: 		PORTB = 0b00000000;
0x0015	0x1283      	BCF        STATUS, 5
0x0016	0x0186      	CLRF       PORTB
;Led_Blink_01.c,14 :: 		delay_ms(500);
0x0017	0x3006      	MOVLW      6
0x0018	0x00CB      	MOVWF      R11
0x0019	0x3013      	MOVLW      19
0x001A	0x00CC      	MOVWF      R12
0x001B	0x30AD      	MOVLW      173
0x001C	0x00CD      	MOVWF      R13
L_blink_off1:
0x001D	0x0BCD      	DECFSZ     R13, 1
0x001E	0x281D      	GOTO       L_blink_off1
0x001F	0x0BCC      	DECFSZ     R12, 1
0x0020	0x281D      	GOTO       L_blink_off1
0x0021	0x0BCB      	DECFSZ     R11, 1
0x0022	0x281D      	GOTO       L_blink_off1
0x0023	0x0000      	NOP
0x0024	0x0000      	NOP
;Led_Blink_01.c,15 :: 		}
L_end_blink_off:
0x0025	0x0008      	RETURN
; end of _blink_off
_initialisation:
;Led_Blink_01.c,1 :: 		void initialisation() {
;Led_Blink_01.c,2 :: 		TRISB = 0x00; // all PORTB set as output
0x0026	0x1683      	BSF        STATUS, 5
0x0027	0x0186      	CLRF       TRISB
;Led_Blink_01.c,3 :: 		TRISA = 0x1F; // all PORTA set as input
0x0028	0x301F      	MOVLW      31
0x0029	0x0085      	MOVWF      TRISA
;Led_Blink_01.c,4 :: 		PORTB = 0x00; // put off all PORTB
0x002A	0x1283      	BCF        STATUS, 5
0x002B	0x0186      	CLRF       PORTB
;Led_Blink_01.c,5 :: 		}
L_end_initialisation:
0x002C	0x0008      	RETURN
; end of _initialisation
_blink_all:
;Led_Blink_01.c,17 :: 		void blink_all() {
;Led_Blink_01.c,18 :: 		blink_on();
0x002D	0x2003      	CALL       _blink_on
;Led_Blink_01.c,19 :: 		blink_off();
0x002E	0x2015      	CALL       _blink_off
;Led_Blink_01.c,21 :: 		blink_on();
0x002F	0x2003      	CALL       _blink_on
;Led_Blink_01.c,22 :: 		blink_off();
0x0030	0x2015      	CALL       _blink_off
;Led_Blink_01.c,24 :: 		blink_on();
0x0031	0x2003      	CALL       _blink_on
;Led_Blink_01.c,25 :: 		blink_off();
0x0032	0x2015      	CALL       _blink_off
;Led_Blink_01.c,27 :: 		blink_on();
0x0033	0x2003      	CALL       _blink_on
;Led_Blink_01.c,28 :: 		blink_off();
0x0034	0x2015      	CALL       _blink_off
;Led_Blink_01.c,30 :: 		blink_on();
0x0035	0x2003      	CALL       _blink_on
;Led_Blink_01.c,31 :: 		blink_off();
0x0036	0x2015      	CALL       _blink_off
;Led_Blink_01.c,33 :: 		blink_on();
0x0037	0x2003      	CALL       _blink_on
;Led_Blink_01.c,34 :: 		blink_off();
0x0038	0x2015      	CALL       _blink_off
;Led_Blink_01.c,36 :: 		blink_on();
0x0039	0x2003      	CALL       _blink_on
;Led_Blink_01.c,37 :: 		blink_off();
0x003A	0x2015      	CALL       _blink_off
;Led_Blink_01.c,39 :: 		blink_on();
0x003B	0x2003      	CALL       _blink_on
;Led_Blink_01.c,40 :: 		blink_off();
0x003C	0x2015      	CALL       _blink_off
;Led_Blink_01.c,42 :: 		blink_on();
0x003D	0x2003      	CALL       _blink_on
;Led_Blink_01.c,43 :: 		blink_off();
0x003E	0x2015      	CALL       _blink_off
;Led_Blink_01.c,45 :: 		blink_on();
0x003F	0x2003      	CALL       _blink_on
;Led_Blink_01.c,46 :: 		blink_off();
0x0040	0x2015      	CALL       _blink_off
;Led_Blink_01.c,48 :: 		}
L_end_blink_all:
0x0041	0x0008      	RETURN
; end of _blink_all
_last_four:
;Led_Blink_01.c,113 :: 		void last_four() {
;Led_Blink_01.c,114 :: 		PORTB = 0b11110000;
0x0042	0x30F0      	MOVLW      240
0x0043	0x1283      	BCF        STATUS, 5
0x0044	0x0086      	MOVWF      PORTB
;Led_Blink_01.c,115 :: 		delay_ms(500);
0x0045	0x3006      	MOVLW      6
0x0046	0x00CB      	MOVWF      R11
0x0047	0x3013      	MOVLW      19
0x0048	0x00CC      	MOVWF      R12
0x0049	0x30AD      	MOVLW      173
0x004A	0x00CD      	MOVWF      R13
L_last_four26:
0x004B	0x0BCD      	DECFSZ     R13, 1
0x004C	0x284B      	GOTO       L_last_four26
0x004D	0x0BCC      	DECFSZ     R12, 1
0x004E	0x284B      	GOTO       L_last_four26
0x004F	0x0BCB      	DECFSZ     R11, 1
0x0050	0x284B      	GOTO       L_last_four26
0x0051	0x0000      	NOP
0x0052	0x0000      	NOP
;Led_Blink_01.c,116 :: 		PORTB = 0b00000000;
0x0053	0x0186      	CLRF       PORTB
;Led_Blink_01.c,117 :: 		delay_ms(500);
0x0054	0x3006      	MOVLW      6
0x0055	0x00CB      	MOVWF      R11
0x0056	0x3013      	MOVLW      19
0x0057	0x00CC      	MOVWF      R12
0x0058	0x30AD      	MOVLW      173
0x0059	0x00CD      	MOVWF      R13
L_last_four27:
0x005A	0x0BCD      	DECFSZ     R13, 1
0x005B	0x285A      	GOTO       L_last_four27
0x005C	0x0BCC      	DECFSZ     R12, 1
0x005D	0x285A      	GOTO       L_last_four27
0x005E	0x0BCB      	DECFSZ     R11, 1
0x005F	0x285A      	GOTO       L_last_four27
0x0060	0x0000      	NOP
0x0061	0x0000      	NOP
;Led_Blink_01.c,118 :: 		}
L_end_last_four:
0x0062	0x0008      	RETURN
; end of _last_four
_first_four:
;Led_Blink_01.c,106 :: 		void first_four() {
;Led_Blink_01.c,107 :: 		PORTB = 0b00001111;
0x0063	0x300F      	MOVLW      15
0x0064	0x1283      	BCF        STATUS, 5
0x0065	0x0086      	MOVWF      PORTB
;Led_Blink_01.c,108 :: 		delay_ms(500);
0x0066	0x3006      	MOVLW      6
0x0067	0x00CB      	MOVWF      R11
0x0068	0x3013      	MOVLW      19
0x0069	0x00CC      	MOVWF      R12
0x006A	0x30AD      	MOVLW      173
0x006B	0x00CD      	MOVWF      R13
L_first_four24:
0x006C	0x0BCD      	DECFSZ     R13, 1
0x006D	0x286C      	GOTO       L_first_four24
0x006E	0x0BCC      	DECFSZ     R12, 1
0x006F	0x286C      	GOTO       L_first_four24
0x0070	0x0BCB      	DECFSZ     R11, 1
0x0071	0x286C      	GOTO       L_first_four24
0x0072	0x0000      	NOP
0x0073	0x0000      	NOP
;Led_Blink_01.c,109 :: 		PORTB = 0b00000000;
0x0074	0x0186      	CLRF       PORTB
;Led_Blink_01.c,110 :: 		delay_ms(500);
0x0075	0x3006      	MOVLW      6
0x0076	0x00CB      	MOVWF      R11
0x0077	0x3013      	MOVLW      19
0x0078	0x00CC      	MOVWF      R12
0x0079	0x30AD      	MOVLW      173
0x007A	0x00CD      	MOVWF      R13
L_first_four25:
0x007B	0x0BCD      	DECFSZ     R13, 1
0x007C	0x287B      	GOTO       L_first_four25
0x007D	0x0BCC      	DECFSZ     R12, 1
0x007E	0x287B      	GOTO       L_first_four25
0x007F	0x0BCB      	DECFSZ     R11, 1
0x0080	0x287B      	GOTO       L_first_four25
0x0081	0x0000      	NOP
0x0082	0x0000      	NOP
;Led_Blink_01.c,111 :: 		}
L_end_first_four:
0x0083	0x0008      	RETURN
; end of _first_four
_sequential:
;Led_Blink_01.c,50 :: 		void sequential() {
;Led_Blink_01.c,51 :: 		PORTB = 0b00000001;
0x0084	0x3001      	MOVLW      1
0x0085	0x1283      	BCF        STATUS, 5
0x0086	0x0086      	MOVWF      PORTB
;Led_Blink_01.c,52 :: 		delay_ms(500);
0x0087	0x3006      	MOVLW      6
0x0088	0x00CB      	MOVWF      R11
0x0089	0x3013      	MOVLW      19
0x008A	0x00CC      	MOVWF      R12
0x008B	0x30AD      	MOVLW      173
0x008C	0x00CD      	MOVWF      R13
L_sequential2:
0x008D	0x0BCD      	DECFSZ     R13, 1
0x008E	0x288D      	GOTO       L_sequential2
0x008F	0x0BCC      	DECFSZ     R12, 1
0x0090	0x288D      	GOTO       L_sequential2
0x0091	0x0BCB      	DECFSZ     R11, 1
0x0092	0x288D      	GOTO       L_sequential2
0x0093	0x0000      	NOP
0x0094	0x0000      	NOP
;Led_Blink_01.c,53 :: 		PORTB = 0b00000010;
0x0095	0x3002      	MOVLW      2
0x0096	0x0086      	MOVWF      PORTB
;Led_Blink_01.c,54 :: 		delay_ms(500);
0x0097	0x3006      	MOVLW      6
0x0098	0x00CB      	MOVWF      R11
0x0099	0x3013      	MOVLW      19
0x009A	0x00CC      	MOVWF      R12
0x009B	0x30AD      	MOVLW      173
0x009C	0x00CD      	MOVWF      R13
L_sequential3:
0x009D	0x0BCD      	DECFSZ     R13, 1
0x009E	0x289D      	GOTO       L_sequential3
0x009F	0x0BCC      	DECFSZ     R12, 1
0x00A0	0x289D      	GOTO       L_sequential3
0x00A1	0x0BCB      	DECFSZ     R11, 1
0x00A2	0x289D      	GOTO       L_sequential3
0x00A3	0x0000      	NOP
0x00A4	0x0000      	NOP
;Led_Blink_01.c,55 :: 		PORTB = 0b00000100;
0x00A5	0x3004      	MOVLW      4
0x00A6	0x0086      	MOVWF      PORTB
;Led_Blink_01.c,56 :: 		delay_ms(500);
0x00A7	0x3006      	MOVLW      6
0x00A8	0x00CB      	MOVWF      R11
0x00A9	0x3013      	MOVLW      19
0x00AA	0x00CC      	MOVWF      R12
0x00AB	0x30AD      	MOVLW      173
0x00AC	0x00CD      	MOVWF      R13
L_sequential4:
0x00AD	0x0BCD      	DECFSZ     R13, 1
0x00AE	0x28AD      	GOTO       L_sequential4
0x00AF	0x0BCC      	DECFSZ     R12, 1
0x00B0	0x28AD      	GOTO       L_sequential4
0x00B1	0x0BCB      	DECFSZ     R11, 1
0x00B2	0x28AD      	GOTO       L_sequential4
0x00B3	0x0000      	NOP
0x00B4	0x0000      	NOP
;Led_Blink_01.c,57 :: 		PORTB = 0b00001000;
0x00B5	0x3008      	MOVLW      8
0x00B6	0x0086      	MOVWF      PORTB
;Led_Blink_01.c,58 :: 		delay_ms(500);
0x00B7	0x3006      	MOVLW      6
0x00B8	0x00CB      	MOVWF      R11
0x00B9	0x3013      	MOVLW      19
0x00BA	0x00CC      	MOVWF      R12
0x00BB	0x30AD      	MOVLW      173
0x00BC	0x00CD      	MOVWF      R13
L_sequential5:
0x00BD	0x0BCD      	DECFSZ     R13, 1
0x00BE	0x28BD      	GOTO       L_sequential5
0x00BF	0x0BCC      	DECFSZ     R12, 1
0x00C0	0x28BD      	GOTO       L_sequential5
0x00C1	0x0BCB      	DECFSZ     R11, 1
0x00C2	0x28BD      	GOTO       L_sequential5
0x00C3	0x0000      	NOP
0x00C4	0x0000      	NOP
;Led_Blink_01.c,59 :: 		PORTB = 0b00010000;
0x00C5	0x3010      	MOVLW      16
0x00C6	0x0086      	MOVWF      PORTB
;Led_Blink_01.c,60 :: 		delay_ms(500);
0x00C7	0x3006      	MOVLW      6
0x00C8	0x00CB      	MOVWF      R11
0x00C9	0x3013      	MOVLW      19
0x00CA	0x00CC      	MOVWF      R12
0x00CB	0x30AD      	MOVLW      173
0x00CC	0x00CD      	MOVWF      R13
L_sequential6:
0x00CD	0x0BCD      	DECFSZ     R13, 1
0x00CE	0x28CD      	GOTO       L_sequential6
0x00CF	0x0BCC      	DECFSZ     R12, 1
0x00D0	0x28CD      	GOTO       L_sequential6
0x00D1	0x0BCB      	DECFSZ     R11, 1
0x00D2	0x28CD      	GOTO       L_sequential6
0x00D3	0x0000      	NOP
0x00D4	0x0000      	NOP
;Led_Blink_01.c,61 :: 		PORTB = 0b00100000;
0x00D5	0x3020      	MOVLW      32
0x00D6	0x0086      	MOVWF      PORTB
;Led_Blink_01.c,62 :: 		delay_ms(500);
0x00D7	0x3006      	MOVLW      6
0x00D8	0x00CB      	MOVWF      R11
0x00D9	0x3013      	MOVLW      19
0x00DA	0x00CC      	MOVWF      R12
0x00DB	0x30AD      	MOVLW      173
0x00DC	0x00CD      	MOVWF      R13
L_sequential7:
0x00DD	0x0BCD      	DECFSZ     R13, 1
0x00DE	0x28DD      	GOTO       L_sequential7
0x00DF	0x0BCC      	DECFSZ     R12, 1
0x00E0	0x28DD      	GOTO       L_sequential7
0x00E1	0x0BCB      	DECFSZ     R11, 1
0x00E2	0x28DD      	GOTO       L_sequential7
0x00E3	0x0000      	NOP
0x00E4	0x0000      	NOP
;Led_Blink_01.c,63 :: 		PORTB = 0b01000000;
0x00E5	0x3040      	MOVLW      64
0x00E6	0x0086      	MOVWF      PORTB
;Led_Blink_01.c,64 :: 		delay_ms(500);
0x00E7	0x3006      	MOVLW      6
0x00E8	0x00CB      	MOVWF      R11
0x00E9	0x3013      	MOVLW      19
0x00EA	0x00CC      	MOVWF      R12
0x00EB	0x30AD      	MOVLW      173
0x00EC	0x00CD      	MOVWF      R13
L_sequential8:
0x00ED	0x0BCD      	DECFSZ     R13, 1
0x00EE	0x28ED      	GOTO       L_sequential8
0x00EF	0x0BCC      	DECFSZ     R12, 1
0x00F0	0x28ED      	GOTO       L_sequential8
0x00F1	0x0BCB      	DECFSZ     R11, 1
0x00F2	0x28ED      	GOTO       L_sequential8
0x00F3	0x0000      	NOP
0x00F4	0x0000      	NOP
;Led_Blink_01.c,65 :: 		PORTB = 0b10000000;
0x00F5	0x3080      	MOVLW      128
0x00F6	0x0086      	MOVWF      PORTB
;Led_Blink_01.c,66 :: 		delay_ms(500);
0x00F7	0x3006      	MOVLW      6
0x00F8	0x00CB      	MOVWF      R11
0x00F9	0x3013      	MOVLW      19
0x00FA	0x00CC      	MOVWF      R12
0x00FB	0x30AD      	MOVLW      173
0x00FC	0x00CD      	MOVWF      R13
L_sequential9:
0x00FD	0x0BCD      	DECFSZ     R13, 1
0x00FE	0x28FD      	GOTO       L_sequential9
0x00FF	0x0BCC      	DECFSZ     R12, 1
0x0100	0x28FD      	GOTO       L_sequential9
0x0101	0x0BCB      	DECFSZ     R11, 1
0x0102	0x28FD      	GOTO       L_sequential9
0x0103	0x0000      	NOP
0x0104	0x0000      	NOP
;Led_Blink_01.c,67 :: 		PORTB = 0b00000000;
0x0105	0x0186      	CLRF       PORTB
;Led_Blink_01.c,68 :: 		delay_ms(500);
0x0106	0x3006      	MOVLW      6
0x0107	0x00CB      	MOVWF      R11
0x0108	0x3013      	MOVLW      19
0x0109	0x00CC      	MOVWF      R12
0x010A	0x30AD      	MOVLW      173
0x010B	0x00CD      	MOVWF      R13
L_sequential10:
0x010C	0x0BCD      	DECFSZ     R13, 1
0x010D	0x290C      	GOTO       L_sequential10
0x010E	0x0BCC      	DECFSZ     R12, 1
0x010F	0x290C      	GOTO       L_sequential10
0x0110	0x0BCB      	DECFSZ     R11, 1
0x0111	0x290C      	GOTO       L_sequential10
0x0112	0x0000      	NOP
0x0113	0x0000      	NOP
;Led_Blink_01.c,69 :: 		}
L_end_sequential:
0x0114	0x0008      	RETURN
; end of _sequential
_a_sequential:
;Led_Blink_01.c,71 :: 		void a_sequential() {
;Led_Blink_01.c,72 :: 		PORTB = 0b00000000;
0x0115	0x1283      	BCF        STATUS, 5
0x0116	0x0186      	CLRF       PORTB
;Led_Blink_01.c,73 :: 		delay_ms(500);
0x0117	0x3006      	MOVLW      6
0x0118	0x00CB      	MOVWF      R11
0x0119	0x3013      	MOVLW      19
0x011A	0x00CC      	MOVWF      R12
0x011B	0x30AD      	MOVLW      173
0x011C	0x00CD      	MOVWF      R13
L_a_sequential11:
0x011D	0x0BCD      	DECFSZ     R13, 1
0x011E	0x291D      	GOTO       L_a_sequential11
0x011F	0x0BCC      	DECFSZ     R12, 1
0x0120	0x291D      	GOTO       L_a_sequential11
0x0121	0x0BCB      	DECFSZ     R11, 1
0x0122	0x291D      	GOTO       L_a_sequential11
0x0123	0x0000      	NOP
0x0124	0x0000      	NOP
;Led_Blink_01.c,74 :: 		PORTB = 0b10000000;
0x0125	0x3080      	MOVLW      128
0x0126	0x0086      	MOVWF      PORTB
;Led_Blink_01.c,75 :: 		delay_ms(500);
0x0127	0x3006      	MOVLW      6
0x0128	0x00CB      	MOVWF      R11
0x0129	0x3013      	MOVLW      19
0x012A	0x00CC      	MOVWF      R12
0x012B	0x30AD      	MOVLW      173
0x012C	0x00CD      	MOVWF      R13
L_a_sequential12:
0x012D	0x0BCD      	DECFSZ     R13, 1
0x012E	0x292D      	GOTO       L_a_sequential12
0x012F	0x0BCC      	DECFSZ     R12, 1
0x0130	0x292D      	GOTO       L_a_sequential12
0x0131	0x0BCB      	DECFSZ     R11, 1
0x0132	0x292D      	GOTO       L_a_sequential12
0x0133	0x0000      	NOP
0x0134	0x0000      	NOP
;Led_Blink_01.c,76 :: 		PORTB = 0b01000000;
0x0135	0x3040      	MOVLW      64
0x0136	0x0086      	MOVWF      PORTB
;Led_Blink_01.c,77 :: 		delay_ms(500);
0x0137	0x3006      	MOVLW      6
0x0138	0x00CB      	MOVWF      R11
0x0139	0x3013      	MOVLW      19
0x013A	0x00CC      	MOVWF      R12
0x013B	0x30AD      	MOVLW      173
0x013C	0x00CD      	MOVWF      R13
L_a_sequential13:
0x013D	0x0BCD      	DECFSZ     R13, 1
0x013E	0x293D      	GOTO       L_a_sequential13
0x013F	0x0BCC      	DECFSZ     R12, 1
0x0140	0x293D      	GOTO       L_a_sequential13
0x0141	0x0BCB      	DECFSZ     R11, 1
0x0142	0x293D      	GOTO       L_a_sequential13
0x0143	0x0000      	NOP
0x0144	0x0000      	NOP
;Led_Blink_01.c,78 :: 		PORTB = 0b00100000;
0x0145	0x3020      	MOVLW      32
0x0146	0x0086      	MOVWF      PORTB
;Led_Blink_01.c,79 :: 		delay_ms(500);
0x0147	0x3006      	MOVLW      6
0x0148	0x00CB      	MOVWF      R11
0x0149	0x3013      	MOVLW      19
0x014A	0x00CC      	MOVWF      R12
0x014B	0x30AD      	MOVLW      173
0x014C	0x00CD      	MOVWF      R13
L_a_sequential14:
0x014D	0x0BCD      	DECFSZ     R13, 1
0x014E	0x294D      	GOTO       L_a_sequential14
0x014F	0x0BCC      	DECFSZ     R12, 1
0x0150	0x294D      	GOTO       L_a_sequential14
0x0151	0x0BCB      	DECFSZ     R11, 1
0x0152	0x294D      	GOTO       L_a_sequential14
0x0153	0x0000      	NOP
0x0154	0x0000      	NOP
;Led_Blink_01.c,80 :: 		PORTB = 0b00010000;
0x0155	0x3010      	MOVLW      16
0x0156	0x0086      	MOVWF      PORTB
;Led_Blink_01.c,81 :: 		delay_ms(500);
0x0157	0x3006      	MOVLW      6
0x0158	0x00CB      	MOVWF      R11
0x0159	0x3013      	MOVLW      19
0x015A	0x00CC      	MOVWF      R12
0x015B	0x30AD      	MOVLW      173
0x015C	0x00CD      	MOVWF      R13
L_a_sequential15:
0x015D	0x0BCD      	DECFSZ     R13, 1
0x015E	0x295D      	GOTO       L_a_sequential15
0x015F	0x0BCC      	DECFSZ     R12, 1
0x0160	0x295D      	GOTO       L_a_sequential15
0x0161	0x0BCB      	DECFSZ     R11, 1
0x0162	0x295D      	GOTO       L_a_sequential15
0x0163	0x0000      	NOP
0x0164	0x0000      	NOP
;Led_Blink_01.c,82 :: 		PORTB = 0b00001000;
0x0165	0x3008      	MOVLW      8
0x0166	0x0086      	MOVWF      PORTB
;Led_Blink_01.c,83 :: 		delay_ms(500);
0x0167	0x3006      	MOVLW      6
0x0168	0x00CB      	MOVWF      R11
0x0169	0x3013      	MOVLW      19
0x016A	0x00CC      	MOVWF      R12
0x016B	0x30AD      	MOVLW      173
0x016C	0x00CD      	MOVWF      R13
L_a_sequential16:
0x016D	0x0BCD      	DECFSZ     R13, 1
0x016E	0x296D      	GOTO       L_a_sequential16
0x016F	0x0BCC      	DECFSZ     R12, 1
0x0170	0x296D      	GOTO       L_a_sequential16
0x0171	0x0BCB      	DECFSZ     R11, 1
0x0172	0x296D      	GOTO       L_a_sequential16
0x0173	0x0000      	NOP
0x0174	0x0000      	NOP
;Led_Blink_01.c,84 :: 		PORTB = 0b00000100;
0x0175	0x3004      	MOVLW      4
0x0176	0x0086      	MOVWF      PORTB
;Led_Blink_01.c,85 :: 		delay_ms(500);
0x0177	0x3006      	MOVLW      6
0x0178	0x00CB      	MOVWF      R11
0x0179	0x3013      	MOVLW      19
0x017A	0x00CC      	MOVWF      R12
0x017B	0x30AD      	MOVLW      173
0x017C	0x00CD      	MOVWF      R13
L_a_sequential17:
0x017D	0x0BCD      	DECFSZ     R13, 1
0x017E	0x297D      	GOTO       L_a_sequential17
0x017F	0x0BCC      	DECFSZ     R12, 1
0x0180	0x297D      	GOTO       L_a_sequential17
0x0181	0x0BCB      	DECFSZ     R11, 1
0x0182	0x297D      	GOTO       L_a_sequential17
0x0183	0x0000      	NOP
0x0184	0x0000      	NOP
;Led_Blink_01.c,86 :: 		PORTB = 0b00000010;
0x0185	0x3002      	MOVLW      2
0x0186	0x0086      	MOVWF      PORTB
;Led_Blink_01.c,87 :: 		delay_ms(500);
0x0187	0x3006      	MOVLW      6
0x0188	0x00CB      	MOVWF      R11
0x0189	0x3013      	MOVLW      19
0x018A	0x00CC      	MOVWF      R12
0x018B	0x30AD      	MOVLW      173
0x018C	0x00CD      	MOVWF      R13
L_a_sequential18:
0x018D	0x0BCD      	DECFSZ     R13, 1
0x018E	0x298D      	GOTO       L_a_sequential18
0x018F	0x0BCC      	DECFSZ     R12, 1
0x0190	0x298D      	GOTO       L_a_sequential18
0x0191	0x0BCB      	DECFSZ     R11, 1
0x0192	0x298D      	GOTO       L_a_sequential18
0x0193	0x0000      	NOP
0x0194	0x0000      	NOP
;Led_Blink_01.c,88 :: 		PORTB = 0b00000001;
0x0195	0x3001      	MOVLW      1
0x0196	0x0086      	MOVWF      PORTB
;Led_Blink_01.c,89 :: 		delay_ms(500);
0x0197	0x3006      	MOVLW      6
0x0198	0x00CB      	MOVWF      R11
0x0199	0x3013      	MOVLW      19
0x019A	0x00CC      	MOVWF      R12
0x019B	0x30AD      	MOVLW      173
0x019C	0x00CD      	MOVWF      R13
L_a_sequential19:
0x019D	0x0BCD      	DECFSZ     R13, 1
0x019E	0x299D      	GOTO       L_a_sequential19
0x019F	0x0BCC      	DECFSZ     R12, 1
0x01A0	0x299D      	GOTO       L_a_sequential19
0x01A1	0x0BCB      	DECFSZ     R11, 1
0x01A2	0x299D      	GOTO       L_a_sequential19
0x01A3	0x0000      	NOP
0x01A4	0x0000      	NOP
;Led_Blink_01.c,90 :: 		}
L_end_a_sequential:
0x01A5	0x0008      	RETURN
; end of _a_sequential
_blink_even:
;Led_Blink_01.c,92 :: 		void blink_even() {
;Led_Blink_01.c,93 :: 		PORTB = 0b10101010;
0x01A6	0x30AA      	MOVLW      170
0x01A7	0x1283      	BCF        STATUS, 5
0x01A8	0x0086      	MOVWF      PORTB
;Led_Blink_01.c,94 :: 		delay_ms(500);
0x01A9	0x3006      	MOVLW      6
0x01AA	0x00CB      	MOVWF      R11
0x01AB	0x3013      	MOVLW      19
0x01AC	0x00CC      	MOVWF      R12
0x01AD	0x30AD      	MOVLW      173
0x01AE	0x00CD      	MOVWF      R13
L_blink_even20:
0x01AF	0x0BCD      	DECFSZ     R13, 1
0x01B0	0x29AF      	GOTO       L_blink_even20
0x01B1	0x0BCC      	DECFSZ     R12, 1
0x01B2	0x29AF      	GOTO       L_blink_even20
0x01B3	0x0BCB      	DECFSZ     R11, 1
0x01B4	0x29AF      	GOTO       L_blink_even20
0x01B5	0x0000      	NOP
0x01B6	0x0000      	NOP
;Led_Blink_01.c,95 :: 		PORTB = 0b00000000;
0x01B7	0x0186      	CLRF       PORTB
;Led_Blink_01.c,96 :: 		delay_ms(500);
0x01B8	0x3006      	MOVLW      6
0x01B9	0x00CB      	MOVWF      R11
0x01BA	0x3013      	MOVLW      19
0x01BB	0x00CC      	MOVWF      R12
0x01BC	0x30AD      	MOVLW      173
0x01BD	0x00CD      	MOVWF      R13
L_blink_even21:
0x01BE	0x0BCD      	DECFSZ     R13, 1
0x01BF	0x29BE      	GOTO       L_blink_even21
0x01C0	0x0BCC      	DECFSZ     R12, 1
0x01C1	0x29BE      	GOTO       L_blink_even21
0x01C2	0x0BCB      	DECFSZ     R11, 1
0x01C3	0x29BE      	GOTO       L_blink_even21
0x01C4	0x0000      	NOP
0x01C5	0x0000      	NOP
;Led_Blink_01.c,97 :: 		}
L_end_blink_even:
0x01C6	0x0008      	RETURN
; end of _blink_even
_blink_odd:
;Led_Blink_01.c,99 :: 		void blink_odd() {
;Led_Blink_01.c,100 :: 		PORTB = 0b01010101;
0x01C7	0x3055      	MOVLW      85
0x01C8	0x1283      	BCF        STATUS, 5
0x01C9	0x0086      	MOVWF      PORTB
;Led_Blink_01.c,101 :: 		delay_ms(500);
0x01CA	0x3006      	MOVLW      6
0x01CB	0x00CB      	MOVWF      R11
0x01CC	0x3013      	MOVLW      19
0x01CD	0x00CC      	MOVWF      R12
0x01CE	0x30AD      	MOVLW      173
0x01CF	0x00CD      	MOVWF      R13
L_blink_odd22:
0x01D0	0x0BCD      	DECFSZ     R13, 1
0x01D1	0x29D0      	GOTO       L_blink_odd22
0x01D2	0x0BCC      	DECFSZ     R12, 1
0x01D3	0x29D0      	GOTO       L_blink_odd22
0x01D4	0x0BCB      	DECFSZ     R11, 1
0x01D5	0x29D0      	GOTO       L_blink_odd22
0x01D6	0x0000      	NOP
0x01D7	0x0000      	NOP
;Led_Blink_01.c,102 :: 		PORTB = 0b00000000;
0x01D8	0x0186      	CLRF       PORTB
;Led_Blink_01.c,103 :: 		delay_ms(500);
0x01D9	0x3006      	MOVLW      6
0x01DA	0x00CB      	MOVWF      R11
0x01DB	0x3013      	MOVLW      19
0x01DC	0x00CC      	MOVWF      R12
0x01DD	0x30AD      	MOVLW      173
0x01DE	0x00CD      	MOVWF      R13
L_blink_odd23:
0x01DF	0x0BCD      	DECFSZ     R13, 1
0x01E0	0x29DF      	GOTO       L_blink_odd23
0x01E1	0x0BCC      	DECFSZ     R12, 1
0x01E2	0x29DF      	GOTO       L_blink_odd23
0x01E3	0x0BCB      	DECFSZ     R11, 1
0x01E4	0x29DF      	GOTO       L_blink_odd23
0x01E5	0x0000      	NOP
0x01E6	0x0000      	NOP
;Led_Blink_01.c,104 :: 		}
L_end_blink_odd:
0x01E7	0x0008      	RETURN
; end of _blink_odd
_entry:
;Led_Blink_01.c,120 :: 		void entry() {
;Led_Blink_01.c,121 :: 		initialisation();
0x01E8	0x2026      	CALL       _initialisation
;Led_Blink_01.c,122 :: 		blink_all();
0x01E9	0x202D      	CALL       _blink_all
;Led_Blink_01.c,125 :: 		sequential();
0x01EA	0x2084      	CALL       _sequential
;Led_Blink_01.c,126 :: 		sequential();
0x01EB	0x2084      	CALL       _sequential
;Led_Blink_01.c,127 :: 		sequential();
0x01EC	0x2084      	CALL       _sequential
;Led_Blink_01.c,128 :: 		sequential();
0x01ED	0x2084      	CALL       _sequential
;Led_Blink_01.c,129 :: 		sequential();
0x01EE	0x2084      	CALL       _sequential
;Led_Blink_01.c,132 :: 		a_sequential();
0x01EF	0x2115      	CALL       _a_sequential
;Led_Blink_01.c,133 :: 		a_sequential();
0x01F0	0x2115      	CALL       _a_sequential
;Led_Blink_01.c,134 :: 		a_sequential();
0x01F1	0x2115      	CALL       _a_sequential
;Led_Blink_01.c,135 :: 		a_sequential();
0x01F2	0x2115      	CALL       _a_sequential
;Led_Blink_01.c,136 :: 		a_sequential();
0x01F3	0x2115      	CALL       _a_sequential
;Led_Blink_01.c,139 :: 		blink_even();
0x01F4	0x21A6      	CALL       _blink_even
;Led_Blink_01.c,140 :: 		blink_even();
0x01F5	0x21A6      	CALL       _blink_even
;Led_Blink_01.c,141 :: 		blink_even();
0x01F6	0x21A6      	CALL       _blink_even
;Led_Blink_01.c,142 :: 		blink_even();
0x01F7	0x21A6      	CALL       _blink_even
;Led_Blink_01.c,143 :: 		blink_even();
0x01F8	0x21A6      	CALL       _blink_even
;Led_Blink_01.c,146 :: 		blink_odd();
0x01F9	0x21C7      	CALL       _blink_odd
;Led_Blink_01.c,147 :: 		blink_odd();
0x01FA	0x21C7      	CALL       _blink_odd
;Led_Blink_01.c,148 :: 		blink_odd();
0x01FB	0x21C7      	CALL       _blink_odd
;Led_Blink_01.c,149 :: 		blink_odd();
0x01FC	0x21C7      	CALL       _blink_odd
;Led_Blink_01.c,150 :: 		blink_odd();
0x01FD	0x21C7      	CALL       _blink_odd
;Led_Blink_01.c,153 :: 		first_four();
0x01FE	0x2063      	CALL       _first_four
;Led_Blink_01.c,154 :: 		first_four();
0x01FF	0x2063      	CALL       _first_four
;Led_Blink_01.c,155 :: 		first_four();
0x0200	0x2063      	CALL       _first_four
;Led_Blink_01.c,156 :: 		first_four();
0x0201	0x2063      	CALL       _first_four
;Led_Blink_01.c,157 :: 		first_four();
0x0202	0x2063      	CALL       _first_four
;Led_Blink_01.c,160 :: 		last_four();
0x0203	0x2042      	CALL       _last_four
;Led_Blink_01.c,161 :: 		last_four();
0x0204	0x2042      	CALL       _last_four
;Led_Blink_01.c,162 :: 		last_four();
0x0205	0x2042      	CALL       _last_four
;Led_Blink_01.c,163 :: 		last_four();
0x0206	0x2042      	CALL       _last_four
;Led_Blink_01.c,164 :: 		last_four();
0x0207	0x2042      	CALL       _last_four
;Led_Blink_01.c,165 :: 		}
L_end_entry:
0x0208	0x0008      	RETURN
; end of _entry
_main:
;Led_Blink_01.c,167 :: 		void main() {
;Led_Blink_01.c,168 :: 		for(;;) {
L_main28:
;Led_Blink_01.c,169 :: 		entry();
0x0209	0x21E8      	CALL       _entry
;Led_Blink_01.c,170 :: 		}
0x020A	0x2A09      	GOTO       L_main28
;Led_Blink_01.c,171 :: 		}
L_end_main:
0x020B	0x2A0B      	GOTO       $+0
; end of _main
Symbol List:
//** Routines locations **
//ADDRESS    SIZE    PROCEDURE
//----------------------------------------------
0x0003      [18]    _blink_on
0x0015      [17]    _blink_off
0x0026       [7]    _initialisation
0x002D      [21]    _blink_all
0x0042      [33]    _last_four
0x0063      [33]    _first_four
0x0084     [145]    _sequential
0x0115     [145]    _a_sequential
0x01A6      [33]    _blink_even
0x01C7      [33]    _blink_odd
0x01E8      [33]    _entry
0x0209       [3]    _main
//** Variables locations ** 
//ADDRESS    SIZE    VARIABLE
//----------------------------------------------
0x0000       [1]    INDF
0x0003       [1]    STATUS
0x0004       [1]    FSR
0x0006       [1]    PORTB
0x000A       [1]    PCLATH
0x000C       [2]    ___DoICPAddr
0x0040       [1]    R0
0x0041       [1]    R1
0x0042       [1]    R2
0x0043       [1]    R3
0x0044       [1]    R4
0x0045       [1]    R5
0x0046       [1]    R6
0x0047       [1]    R7
0x0048       [1]    R8
0x0049       [1]    R9
0x004A       [1]    R10
0x004B       [1]    R11
0x004C       [1]    R12
0x004D       [1]    R13
0x004E       [1]    R14
0x004F       [1]    R15
0x0085       [1]    TRISA
0x0086       [1]    TRISB
