;  LST file generated by mikroListExporter - v.2.0 
; Date/Time: 08/12/2021 22:59:05
;----------------------------------------------

;Address Opcode 	ASM
0x0000	0x28D3      	GOTO       211
_blink_off:
;Led_Blink_01.c,11 :: 		void blink_off() {
;Led_Blink_01.c,12 :: 		PORTB = 0b00000000;
0x0003	0x1283      	BCF        STATUS, 5
0x0004	0x0186      	CLRF       PORTB
;Led_Blink_01.c,13 :: 		delay_ms(500);
0x0005	0x3006      	MOVLW      6
0x0006	0x00CB      	MOVWF      R11
0x0007	0x3013      	MOVLW      19
0x0008	0x00CC      	MOVWF      R12
0x0009	0x30AD      	MOVLW      173
0x000A	0x00CD      	MOVWF      R13
L_blink_off1:
0x000B	0x0BCD      	DECFSZ     R13, 1
0x000C	0x280B      	GOTO       L_blink_off1
0x000D	0x0BCC      	DECFSZ     R12, 1
0x000E	0x280B      	GOTO       L_blink_off1
0x000F	0x0BCB      	DECFSZ     R11, 1
0x0010	0x280B      	GOTO       L_blink_off1
0x0011	0x0000      	NOP
0x0012	0x0000      	NOP
;Led_Blink_01.c,14 :: 		}
L_end_blink_off:
0x0013	0x0008      	RETURN
; end of _blink_off
_blink_on:
;Led_Blink_01.c,7 :: 		void blink_on() {
;Led_Blink_01.c,8 :: 		PORTB = 0b11111111;
0x0014	0x30FF      	MOVLW      255
0x0015	0x1283      	BCF        STATUS, 5
0x0016	0x0086      	MOVWF      PORTB
;Led_Blink_01.c,9 :: 		delay_ms(500);
0x0017	0x3006      	MOVLW      6
0x0018	0x00CB      	MOVWF      R11
0x0019	0x3013      	MOVLW      19
0x001A	0x00CC      	MOVWF      R12
0x001B	0x30AD      	MOVLW      173
0x001C	0x00CD      	MOVWF      R13
L_blink_on0:
0x001D	0x0BCD      	DECFSZ     R13, 1
0x001E	0x281D      	GOTO       L_blink_on0
0x001F	0x0BCC      	DECFSZ     R12, 1
0x0020	0x281D      	GOTO       L_blink_on0
0x0021	0x0BCB      	DECFSZ     R11, 1
0x0022	0x281D      	GOTO       L_blink_on0
0x0023	0x0000      	NOP
0x0024	0x0000      	NOP
;Led_Blink_01.c,10 :: 		}
L_end_blink_on:
0x0025	0x0008      	RETURN
; end of _blink_on
_blink_all:
;Led_Blink_01.c,16 :: 		void blink_all() {
;Led_Blink_01.c,17 :: 		blink_on();
0x0026	0x2014      	CALL       _blink_on
;Led_Blink_01.c,18 :: 		blink_off();
0x0027	0x2003      	CALL       _blink_off
;Led_Blink_01.c,20 :: 		blink_on();
0x0028	0x2014      	CALL       _blink_on
;Led_Blink_01.c,21 :: 		blink_off();
0x0029	0x2003      	CALL       _blink_off
;Led_Blink_01.c,23 :: 		blink_on();
0x002A	0x2014      	CALL       _blink_on
;Led_Blink_01.c,24 :: 		blink_off();
0x002B	0x2003      	CALL       _blink_off
;Led_Blink_01.c,26 :: 		blink_on();
0x002C	0x2014      	CALL       _blink_on
;Led_Blink_01.c,27 :: 		blink_off();
0x002D	0x2003      	CALL       _blink_off
;Led_Blink_01.c,29 :: 		blink_on();
0x002E	0x2014      	CALL       _blink_on
;Led_Blink_01.c,30 :: 		blink_off();
0x002F	0x2003      	CALL       _blink_off
;Led_Blink_01.c,32 :: 		blink_on();
0x0030	0x2014      	CALL       _blink_on
;Led_Blink_01.c,33 :: 		blink_off();
0x0031	0x2003      	CALL       _blink_off
;Led_Blink_01.c,35 :: 		blink_on();
0x0032	0x2014      	CALL       _blink_on
;Led_Blink_01.c,36 :: 		blink_off();
0x0033	0x2003      	CALL       _blink_off
;Led_Blink_01.c,38 :: 		blink_on();
0x0034	0x2014      	CALL       _blink_on
;Led_Blink_01.c,39 :: 		blink_off();
0x0035	0x2003      	CALL       _blink_off
;Led_Blink_01.c,41 :: 		blink_on();
0x0036	0x2014      	CALL       _blink_on
;Led_Blink_01.c,42 :: 		blink_off();
0x0037	0x2003      	CALL       _blink_off
;Led_Blink_01.c,44 :: 		blink_on();
0x0038	0x2014      	CALL       _blink_on
;Led_Blink_01.c,45 :: 		blink_off();
0x0039	0x2003      	CALL       _blink_off
;Led_Blink_01.c,49 :: 		}
L_end_blink_all:
0x003A	0x0008      	RETURN
; end of _blink_all
_initialisation:
;Led_Blink_01.c,1 :: 		void initialisation() {
;Led_Blink_01.c,2 :: 		TRISB = 0x00; // all PORTB set as output
0x003B	0x1683      	BSF        STATUS, 5
0x003C	0x0186      	CLRF       TRISB
;Led_Blink_01.c,3 :: 		TRISA = 0x1F; // all PORTA set as input
0x003D	0x301F      	MOVLW      31
0x003E	0x0085      	MOVWF      TRISA
;Led_Blink_01.c,4 :: 		PORTB = 0x00; // put off all PORTB
0x003F	0x1283      	BCF        STATUS, 5
0x0040	0x0186      	CLRF       PORTB
;Led_Blink_01.c,5 :: 		}
L_end_initialisation:
0x0041	0x0008      	RETURN
; end of _initialisation
_sequential:
;Led_Blink_01.c,51 :: 		void sequential() {
;Led_Blink_01.c,52 :: 		PORTB = 0b00000001;
0x0042	0x3001      	MOVLW      1
0x0043	0x1283      	BCF        STATUS, 5
0x0044	0x0086      	MOVWF      PORTB
;Led_Blink_01.c,53 :: 		delay_ms(500);
0x0045	0x3006      	MOVLW      6
0x0046	0x00CB      	MOVWF      R11
0x0047	0x3013      	MOVLW      19
0x0048	0x00CC      	MOVWF      R12
0x0049	0x30AD      	MOVLW      173
0x004A	0x00CD      	MOVWF      R13
L_sequential2:
0x004B	0x0BCD      	DECFSZ     R13, 1
0x004C	0x284B      	GOTO       L_sequential2
0x004D	0x0BCC      	DECFSZ     R12, 1
0x004E	0x284B      	GOTO       L_sequential2
0x004F	0x0BCB      	DECFSZ     R11, 1
0x0050	0x284B      	GOTO       L_sequential2
0x0051	0x0000      	NOP
0x0052	0x0000      	NOP
;Led_Blink_01.c,54 :: 		PORTB = 0b00000010;
0x0053	0x3002      	MOVLW      2
0x0054	0x0086      	MOVWF      PORTB
;Led_Blink_01.c,55 :: 		delay_ms(500);
0x0055	0x3006      	MOVLW      6
0x0056	0x00CB      	MOVWF      R11
0x0057	0x3013      	MOVLW      19
0x0058	0x00CC      	MOVWF      R12
0x0059	0x30AD      	MOVLW      173
0x005A	0x00CD      	MOVWF      R13
L_sequential3:
0x005B	0x0BCD      	DECFSZ     R13, 1
0x005C	0x285B      	GOTO       L_sequential3
0x005D	0x0BCC      	DECFSZ     R12, 1
0x005E	0x285B      	GOTO       L_sequential3
0x005F	0x0BCB      	DECFSZ     R11, 1
0x0060	0x285B      	GOTO       L_sequential3
0x0061	0x0000      	NOP
0x0062	0x0000      	NOP
;Led_Blink_01.c,56 :: 		PORTB = 0b00000100;
0x0063	0x3004      	MOVLW      4
0x0064	0x0086      	MOVWF      PORTB
;Led_Blink_01.c,57 :: 		delay_ms(500);
0x0065	0x3006      	MOVLW      6
0x0066	0x00CB      	MOVWF      R11
0x0067	0x3013      	MOVLW      19
0x0068	0x00CC      	MOVWF      R12
0x0069	0x30AD      	MOVLW      173
0x006A	0x00CD      	MOVWF      R13
L_sequential4:
0x006B	0x0BCD      	DECFSZ     R13, 1
0x006C	0x286B      	GOTO       L_sequential4
0x006D	0x0BCC      	DECFSZ     R12, 1
0x006E	0x286B      	GOTO       L_sequential4
0x006F	0x0BCB      	DECFSZ     R11, 1
0x0070	0x286B      	GOTO       L_sequential4
0x0071	0x0000      	NOP
0x0072	0x0000      	NOP
;Led_Blink_01.c,58 :: 		PORTB = 0b00001000;
0x0073	0x3008      	MOVLW      8
0x0074	0x0086      	MOVWF      PORTB
;Led_Blink_01.c,59 :: 		delay_ms(500);
0x0075	0x3006      	MOVLW      6
0x0076	0x00CB      	MOVWF      R11
0x0077	0x3013      	MOVLW      19
0x0078	0x00CC      	MOVWF      R12
0x0079	0x30AD      	MOVLW      173
0x007A	0x00CD      	MOVWF      R13
L_sequential5:
0x007B	0x0BCD      	DECFSZ     R13, 1
0x007C	0x287B      	GOTO       L_sequential5
0x007D	0x0BCC      	DECFSZ     R12, 1
0x007E	0x287B      	GOTO       L_sequential5
0x007F	0x0BCB      	DECFSZ     R11, 1
0x0080	0x287B      	GOTO       L_sequential5
0x0081	0x0000      	NOP
0x0082	0x0000      	NOP
;Led_Blink_01.c,60 :: 		PORTB = 0b00010000;
0x0083	0x3010      	MOVLW      16
0x0084	0x0086      	MOVWF      PORTB
;Led_Blink_01.c,61 :: 		delay_ms(500);
0x0085	0x3006      	MOVLW      6
0x0086	0x00CB      	MOVWF      R11
0x0087	0x3013      	MOVLW      19
0x0088	0x00CC      	MOVWF      R12
0x0089	0x30AD      	MOVLW      173
0x008A	0x00CD      	MOVWF      R13
L_sequential6:
0x008B	0x0BCD      	DECFSZ     R13, 1
0x008C	0x288B      	GOTO       L_sequential6
0x008D	0x0BCC      	DECFSZ     R12, 1
0x008E	0x288B      	GOTO       L_sequential6
0x008F	0x0BCB      	DECFSZ     R11, 1
0x0090	0x288B      	GOTO       L_sequential6
0x0091	0x0000      	NOP
0x0092	0x0000      	NOP
;Led_Blink_01.c,62 :: 		PORTB = 0b00100000;
0x0093	0x3020      	MOVLW      32
0x0094	0x0086      	MOVWF      PORTB
;Led_Blink_01.c,63 :: 		delay_ms(500);
0x0095	0x3006      	MOVLW      6
0x0096	0x00CB      	MOVWF      R11
0x0097	0x3013      	MOVLW      19
0x0098	0x00CC      	MOVWF      R12
0x0099	0x30AD      	MOVLW      173
0x009A	0x00CD      	MOVWF      R13
L_sequential7:
0x009B	0x0BCD      	DECFSZ     R13, 1
0x009C	0x289B      	GOTO       L_sequential7
0x009D	0x0BCC      	DECFSZ     R12, 1
0x009E	0x289B      	GOTO       L_sequential7
0x009F	0x0BCB      	DECFSZ     R11, 1
0x00A0	0x289B      	GOTO       L_sequential7
0x00A1	0x0000      	NOP
0x00A2	0x0000      	NOP
;Led_Blink_01.c,64 :: 		PORTB = 0b01000000;
0x00A3	0x3040      	MOVLW      64
0x00A4	0x0086      	MOVWF      PORTB
;Led_Blink_01.c,65 :: 		delay_ms(500);
0x00A5	0x3006      	MOVLW      6
0x00A6	0x00CB      	MOVWF      R11
0x00A7	0x3013      	MOVLW      19
0x00A8	0x00CC      	MOVWF      R12
0x00A9	0x30AD      	MOVLW      173
0x00AA	0x00CD      	MOVWF      R13
L_sequential8:
0x00AB	0x0BCD      	DECFSZ     R13, 1
0x00AC	0x28AB      	GOTO       L_sequential8
0x00AD	0x0BCC      	DECFSZ     R12, 1
0x00AE	0x28AB      	GOTO       L_sequential8
0x00AF	0x0BCB      	DECFSZ     R11, 1
0x00B0	0x28AB      	GOTO       L_sequential8
0x00B1	0x0000      	NOP
0x00B2	0x0000      	NOP
;Led_Blink_01.c,66 :: 		PORTB = 0b10000000;
0x00B3	0x3080      	MOVLW      128
0x00B4	0x0086      	MOVWF      PORTB
;Led_Blink_01.c,67 :: 		delay_ms(500);
0x00B5	0x3006      	MOVLW      6
0x00B6	0x00CB      	MOVWF      R11
0x00B7	0x3013      	MOVLW      19
0x00B8	0x00CC      	MOVWF      R12
0x00B9	0x30AD      	MOVLW      173
0x00BA	0x00CD      	MOVWF      R13
L_sequential9:
0x00BB	0x0BCD      	DECFSZ     R13, 1
0x00BC	0x28BB      	GOTO       L_sequential9
0x00BD	0x0BCC      	DECFSZ     R12, 1
0x00BE	0x28BB      	GOTO       L_sequential9
0x00BF	0x0BCB      	DECFSZ     R11, 1
0x00C0	0x28BB      	GOTO       L_sequential9
0x00C1	0x0000      	NOP
0x00C2	0x0000      	NOP
;Led_Blink_01.c,68 :: 		PORTB = 0b00000000;
0x00C3	0x0186      	CLRF       PORTB
;Led_Blink_01.c,69 :: 		delay_ms(500);
0x00C4	0x3006      	MOVLW      6
0x00C5	0x00CB      	MOVWF      R11
0x00C6	0x3013      	MOVLW      19
0x00C7	0x00CC      	MOVWF      R12
0x00C8	0x30AD      	MOVLW      173
0x00C9	0x00CD      	MOVWF      R13
L_sequential10:
0x00CA	0x0BCD      	DECFSZ     R13, 1
0x00CB	0x28CA      	GOTO       L_sequential10
0x00CC	0x0BCC      	DECFSZ     R12, 1
0x00CD	0x28CA      	GOTO       L_sequential10
0x00CE	0x0BCB      	DECFSZ     R11, 1
0x00CF	0x28CA      	GOTO       L_sequential10
0x00D0	0x0000      	NOP
0x00D1	0x0000      	NOP
;Led_Blink_01.c,70 :: 		}
L_end_sequential:
0x00D2	0x0008      	RETURN
; end of _sequential
_main:
;Led_Blink_01.c,72 :: 		void main() {
;Led_Blink_01.c,73 :: 		initialisation();
0x00D3	0x203B      	CALL       _initialisation
;Led_Blink_01.c,74 :: 		blink_all();
0x00D4	0x2026      	CALL       _blink_all
;Led_Blink_01.c,75 :: 		sequential();
0x00D5	0x2042      	CALL       _sequential
;Led_Blink_01.c,76 :: 		}
L_end_main:
0x00D6	0x28D6      	GOTO       $+0
; end of _main
Symbol List:
//** Routines locations **
//ADDRESS    SIZE    PROCEDURE
//----------------------------------------------
0x0003      [17]    _blink_off
0x0014      [18]    _blink_on
0x0026      [21]    _blink_all
0x003B       [7]    _initialisation
0x0042     [145]    _sequential
0x00D3       [4]    _main
//** Variables locations ** 
//ADDRESS    SIZE    VARIABLE
//----------------------------------------------
0x0000       [1]    INDF
0x0003       [1]    STATUS
0x0004       [1]    FSR
0x0006       [1]    PORTB
0x000A       [1]    PCLATH
0x000C       [2]    ___DoICPAddr
0x0040       [1]    R0
0x0041       [1]    R1
0x0042       [1]    R2
0x0043       [1]    R3
0x0044       [1]    R4
0x0045       [1]    R5
0x0046       [1]    R6
0x0047       [1]    R7
0x0048       [1]    R8
0x0049       [1]    R9
0x004A       [1]    R10
0x004B       [1]    R11
0x004C       [1]    R12
0x004D       [1]    R13
0x004E       [1]    R14
0x004F       [1]    R15
0x0085       [1]    TRISA
0x0086       [1]    TRISB
