;  LST file generated by mikroListExporter - v.2.0 
; Date/Time: 22/01/2022 05:06:26
;----------------------------------------------

;Address Opcode 	ASM
0x0000	0x2803      	GOTO       3
_main:
;P3BlinkOnlyRB0.c,6 :: 		void main() {
;P3BlinkOnlyRB0.c,7 :: 		TRISA = 0x1f;
0x0003	0x301F      	MOVLW      31
0x0004	0x1683      	BSF        STATUS, 5
0x0005	0x0085      	MOVWF      TRISA
;P3BlinkOnlyRB0.c,8 :: 		TRISB = 0b11111110;
0x0006	0x30FE      	MOVLW      254
0x0007	0x0086      	MOVWF      TRISB
;P3BlinkOnlyRB0.c,10 :: 		do {
L_main0:
;P3BlinkOnlyRB0.c,11 :: 		PORTB = 0b11111111;
0x0008	0x30FF      	MOVLW      255
0x0009	0x1283      	BCF        STATUS, 5
0x000A	0x0086      	MOVWF      PORTB
;P3BlinkOnlyRB0.c,12 :: 		Delay_ms(delay);
0x000B	0x3082      	MOVLW      130
0x000C	0x00CC      	MOVWF      R12
0x000D	0x30DD      	MOVLW      221
0x000E	0x00CD      	MOVWF      R13
L_main3:
0x000F	0x0BCD      	DECFSZ     R13, 1
0x0010	0x280F      	GOTO       L_main3
0x0011	0x0BCC      	DECFSZ     R12, 1
0x0012	0x280F      	GOTO       L_main3
0x0013	0x0000      	NOP
0x0014	0x0000      	NOP
;P3BlinkOnlyRB0.c,13 :: 		PORTB = 0b00000000;
0x0015	0x0186      	CLRF       PORTB
;P3BlinkOnlyRB0.c,14 :: 		Delay_ms(delay);
0x0016	0x3082      	MOVLW      130
0x0017	0x00CC      	MOVWF      R12
0x0018	0x30DD      	MOVLW      221
0x0019	0x00CD      	MOVWF      R13
L_main4:
0x001A	0x0BCD      	DECFSZ     R13, 1
0x001B	0x281A      	GOTO       L_main4
0x001C	0x0BCC      	DECFSZ     R12, 1
0x001D	0x281A      	GOTO       L_main4
0x001E	0x0000      	NOP
0x001F	0x0000      	NOP
;P3BlinkOnlyRB0.c,15 :: 		} while(1);
0x0020	0x2808      	GOTO       L_main0
;P3BlinkOnlyRB0.c,16 :: 		}
L_end_main:
0x0021	0x2821      	GOTO       $+0
; end of _main
Symbol List:
//** Routines locations **
//ADDRESS    SIZE    PROCEDURE
//----------------------------------------------
0x0003      [31]    _main
//** Variables locations ** 
//ADDRESS    SIZE    VARIABLE
//----------------------------------------------
0x0000       [1]    INDF
0x0003       [1]    STATUS
0x0004       [1]    FSR
0x0006       [1]    PORTB
0x000A       [1]    PCLATH
0x000C       [2]    ___DoICPAddr
0x0040       [1]    R0
0x0041       [1]    R1
0x0042       [1]    R2
0x0043       [1]    R3
0x0044       [1]    R4
0x0045       [1]    R5
0x0046       [1]    R6
0x0047       [1]    R7
0x0048       [1]    R8
0x0049       [1]    R9
0x004A       [1]    R10
0x004B       [1]    R11
0x004C       [1]    R12
0x004D       [1]    R13
0x004E       [1]    R14
0x004F       [1]    R15
0x0085       [1]    TRISA
0x0086       [1]    TRISB
