;  LST file generated by mikroListExporter - v.2.0 
; Date/Time: 22/01/2022 06:27:15
;----------------------------------------------

;Address Opcode 	ASM
0x0000	0x2847      	GOTO       71
_Delay_500us:
;__Lib_Delays.c,27 :: 		void Delay_500us() {
;__Lib_Delays.c,28 :: 		Delay_us(498);
0x0003	0x3002      	MOVLW      2
0x0004	0x1283      	BCF        STATUS, 5
0x0005	0x00CC      	MOVWF      R12
0x0006	0x3049      	MOVLW      73
0x0007	0x00CD      	MOVWF      R13
L_Delay_500us4:
0x0008	0x0BCD      	DECFSZ     R13, 1
0x0009	0x2808      	GOTO       L_Delay_500us4
0x000A	0x0BCC      	DECFSZ     R12, 1
0x000B	0x2808      	GOTO       L_Delay_500us4
0x000C	0x0000      	NOP
0x000D	0x0000      	NOP
;__Lib_Delays.c,29 :: 		}
L_end_Delay_500us:
0x000E	0x0008      	RETURN
; end of _Delay_500us
_Button:
;__Lib_Button.c,6 :: 		
;__Lib_Button.c,8 :: 		
0x000F	0x1283      	BCF        STATUS, 5
0x0010	0x0193      	CLRF       Button_rslt_L0
;__Lib_Button.c,11 :: 		
0x0011	0x080F      	MOVF       FARG_Button_pin, 0
0x0012	0x00C1      	MOVWF      R1
0x0013	0x3001      	MOVLW      1
0x0014	0x00C0      	MOVWF      R0
0x0015	0x0841      	MOVF       R1, 0
L__Button5:
0x0016	0x1903      	BTFSC      STATUS, 2
0x0017	0x281C      	GOTO       L__Button6
0x0018	0x0DC0      	RLF        R0, 1
0x0019	0x1040      	BCF        R0, 0
0x001A	0x3EFF      	ADDLW      255
0x001B	0x2816      	GOTO       L__Button5
L__Button6:
0x001C	0x0840      	MOVF       R0, 0
0x001D	0x0092      	MOVWF      Button_pMask_L0
;__Lib_Button.c,13 :: 		
0x001E	0x080E      	MOVF       FARG_Button_port, 0
0x001F	0x0084      	MOVWF      FSR
0x0020	0x0840      	MOVF       R0, 0
0x0021	0x0500      	ANDWF      INDF, 0
0x0022	0x00C1      	MOVWF      R1
0x0023	0x0841      	MOVF       R1, 0
0x0024	0x3001      	MOVLW      1
0x0025	0x1D03      	BTFSS      STATUS, 2
0x0026	0x3000      	MOVLW      0
0x0027	0x00C0      	MOVWF      R0
0x0028	0x0811      	MOVF       FARG_Button_active_state, 0
0x0029	0x06C0      	XORWF      R0, 1
0x002A	0x1903      	BTFSC      STATUS, 2
0x002B	0x2844      	GOTO       L_Button0
;__Lib_Button.c,15 :: 		
L_Button1:
0x002C	0x0810      	MOVF       FARG_Button_time_ms, 0
0x002D	0x3C00      	SUBLW      0
0x002E	0x1803      	BTFSC      STATUS, 0
0x002F	0x2834      	GOTO       L_Button2
;__Lib_Button.c,16 :: 		
0x0030	0x2003      	CALL       _Delay_500us
;__Lib_Button.c,17 :: 		
0x0031	0x2003      	CALL       _Delay_500us
;__Lib_Button.c,18 :: 		
0x0032	0x0390      	DECF       FARG_Button_time_ms, 1
;__Lib_Button.c,19 :: 		
0x0033	0x282C      	GOTO       L_Button1
L_Button2:
;__Lib_Button.c,21 :: 		
0x0034	0x080E      	MOVF       FARG_Button_port, 0
0x0035	0x0084      	MOVWF      FSR
0x0036	0x0812      	MOVF       Button_pMask_L0, 0
0x0037	0x0500      	ANDWF      INDF, 0
0x0038	0x00C1      	MOVWF      R1
0x0039	0x0841      	MOVF       R1, 0
0x003A	0x3001      	MOVLW      1
0x003B	0x1D03      	BTFSS      STATUS, 2
0x003C	0x3000      	MOVLW      0
0x003D	0x00C0      	MOVWF      R0
0x003E	0x0811      	MOVF       FARG_Button_active_state, 0
0x003F	0x06C0      	XORWF      R0, 1
0x0040	0x1903      	BTFSC      STATUS, 2
0x0041	0x2844      	GOTO       L_Button3
;__Lib_Button.c,22 :: 		
0x0042	0x30FF      	MOVLW      255
0x0043	0x0093      	MOVWF      Button_rslt_L0
L_Button3:
;__Lib_Button.c,23 :: 		
L_Button0:
;__Lib_Button.c,25 :: 		
0x0044	0x0813      	MOVF       Button_rslt_L0, 0
0x0045	0x00C0      	MOVWF      R0
;__Lib_Button.c,26 :: 		
L_end_Button:
0x0046	0x0008      	RETURN
; end of _Button
_main:
;P4ButtonNBlinkN.c,8 :: 		void main() {
;P4ButtonNBlinkN.c,9 :: 		TRISA = 0x1f;
0x0047	0x301F      	MOVLW      31
0x0048	0x1683      	BSF        STATUS, 5
0x0049	0x0085      	MOVWF      TRISA
;P4ButtonNBlinkN.c,10 :: 		TRISB = 0b11110000;
0x004A	0x30F0      	MOVLW      240
0x004B	0x0086      	MOVWF      TRISB
;P4ButtonNBlinkN.c,12 :: 		PORTB = 0b00000000;
0x004C	0x1283      	BCF        STATUS, 5
0x004D	0x0186      	CLRF       PORTB
;P4ButtonNBlinkN.c,14 :: 		do {
L_main0:
;P4ButtonNBlinkN.c,15 :: 		if(Button(&PORTA, 0, hold, 1)) {
0x004E	0x3005      	MOVLW      PORTA
0x004F	0x008E      	MOVWF      FARG_Button_port
0x0050	0x018F      	CLRF       FARG_Button_pin
0x0051	0x3032      	MOVLW      50
0x0052	0x0090      	MOVWF      FARG_Button_time_ms
0x0053	0x3001      	MOVLW      1
0x0054	0x0091      	MOVWF      FARG_Button_active_state
0x0055	0x200F      	CALL       _Button
0x0056	0x0840      	MOVF       R0, 0
0x0057	0x1903      	BTFSC      STATUS, 2
0x0058	0x285B      	GOTO       L_main3
;P4ButtonNBlinkN.c,16 :: 		PORTB = 0b00000001;
0x0059	0x3001      	MOVLW      1
0x005A	0x0086      	MOVWF      PORTB
;P4ButtonNBlinkN.c,17 :: 		}
L_main3:
;P4ButtonNBlinkN.c,18 :: 		if(Button(&PORTA, 1, hold, 1)) {
0x005B	0x3005      	MOVLW      PORTA
0x005C	0x008E      	MOVWF      FARG_Button_port
0x005D	0x3001      	MOVLW      1
0x005E	0x008F      	MOVWF      FARG_Button_pin
0x005F	0x3032      	MOVLW      50
0x0060	0x0090      	MOVWF      FARG_Button_time_ms
0x0061	0x3001      	MOVLW      1
0x0062	0x0091      	MOVWF      FARG_Button_active_state
0x0063	0x200F      	CALL       _Button
0x0064	0x0840      	MOVF       R0, 0
0x0065	0x1903      	BTFSC      STATUS, 2
0x0066	0x2869      	GOTO       L_main4
;P4ButtonNBlinkN.c,19 :: 		PORTB = 0b00000010;
0x0067	0x3002      	MOVLW      2
0x0068	0x0086      	MOVWF      PORTB
;P4ButtonNBlinkN.c,20 :: 		}
L_main4:
;P4ButtonNBlinkN.c,21 :: 		if(Button(&PORTA, 2, hold, 1)) {
0x0069	0x3005      	MOVLW      PORTA
0x006A	0x008E      	MOVWF      FARG_Button_port
0x006B	0x3002      	MOVLW      2
0x006C	0x008F      	MOVWF      FARG_Button_pin
0x006D	0x3032      	MOVLW      50
0x006E	0x0090      	MOVWF      FARG_Button_time_ms
0x006F	0x3001      	MOVLW      1
0x0070	0x0091      	MOVWF      FARG_Button_active_state
0x0071	0x200F      	CALL       _Button
0x0072	0x0840      	MOVF       R0, 0
0x0073	0x1903      	BTFSC      STATUS, 2
0x0074	0x2877      	GOTO       L_main5
;P4ButtonNBlinkN.c,22 :: 		PORTB = 0b00000100;
0x0075	0x3004      	MOVLW      4
0x0076	0x0086      	MOVWF      PORTB
;P4ButtonNBlinkN.c,23 :: 		}
L_main5:
;P4ButtonNBlinkN.c,24 :: 		if(Button(&PORTA, 3, hold, 1)) {
0x0077	0x3005      	MOVLW      PORTA
0x0078	0x008E      	MOVWF      FARG_Button_port
0x0079	0x3003      	MOVLW      3
0x007A	0x008F      	MOVWF      FARG_Button_pin
0x007B	0x3032      	MOVLW      50
0x007C	0x0090      	MOVWF      FARG_Button_time_ms
0x007D	0x3001      	MOVLW      1
0x007E	0x0091      	MOVWF      FARG_Button_active_state
0x007F	0x200F      	CALL       _Button
0x0080	0x0840      	MOVF       R0, 0
0x0081	0x1903      	BTFSC      STATUS, 2
0x0082	0x2885      	GOTO       L_main6
;P4ButtonNBlinkN.c,25 :: 		PORTB = 0b00001000;
0x0083	0x3008      	MOVLW      8
0x0084	0x0086      	MOVWF      PORTB
;P4ButtonNBlinkN.c,26 :: 		}
L_main6:
;P4ButtonNBlinkN.c,27 :: 		if(Button(&PORTA, 4, hold, 1)) {
0x0085	0x3005      	MOVLW      PORTA
0x0086	0x008E      	MOVWF      FARG_Button_port
0x0087	0x3004      	MOVLW      4
0x0088	0x008F      	MOVWF      FARG_Button_pin
0x0089	0x3032      	MOVLW      50
0x008A	0x0090      	MOVWF      FARG_Button_time_ms
0x008B	0x3001      	MOVLW      1
0x008C	0x0091      	MOVWF      FARG_Button_active_state
0x008D	0x200F      	CALL       _Button
0x008E	0x0840      	MOVF       R0, 0
0x008F	0x1903      	BTFSC      STATUS, 2
0x0090	0x2892      	GOTO       L_main7
;P4ButtonNBlinkN.c,28 :: 		PORTB = 0b00000000;
0x0091	0x0186      	CLRF       PORTB
;P4ButtonNBlinkN.c,29 :: 		}
L_main7:
;P4ButtonNBlinkN.c,30 :: 		} while (1);
0x0092	0x284E      	GOTO       L_main0
;P4ButtonNBlinkN.c,31 :: 		}
L_end_main:
0x0093	0x2893      	GOTO       $+0
; end of _main
Symbol List:
//** Routines locations **
//ADDRESS    SIZE    PROCEDURE
//----------------------------------------------
0x0003      [12]    _Delay_500us
0x000F      [56]    _Button
0x0047      [77]    _main
//** Variables locations ** 
//ADDRESS    SIZE    VARIABLE
//----------------------------------------------
0x0000       [1]    INDF
0x0003       [1]    STATUS
0x0004       [1]    FSR
0x0005       [1]    PORTA
0x0006       [1]    PORTB
0x000A       [1]    PCLATH
0x000C       [2]    ___DoICPAddr
0x000E       [1]    FARG_Button_port
0x000F       [1]    FARG_Button_pin
0x0010       [1]    FARG_Button_time_ms
0x0011       [1]    FARG_Button_active_state
0x0012       [1]    Button_pMask_L0
0x0013       [1]    Button_rslt_L0
0x0040       [1]    R0
0x0041       [1]    R1
0x0042       [1]    R2
0x0043       [1]    R3
0x0044       [1]    R4
0x0045       [1]    R5
0x0046       [1]    R6
0x0047       [1]    R7
0x0048       [1]    R8
0x0049       [1]    R9
0x004A       [1]    R10
0x004B       [1]    R11
0x004C       [1]    R12
0x004D       [1]    R13
0x004E       [1]    R14
0x004F       [1]    R15
0x0085       [1]    TRISA
0x0086       [1]    TRISB
