;  LST file generated by mikroListExporter - v.2.0 
; Date/Time: 23/01/2022 03:11:28
;----------------------------------------------

;Address Opcode 	ASM
0x0000	0x2B1A      	GOTO       794
_Delay_Cyc:
;__Lib_Delays.c,65 :: 		void Delay_Cyc(char cycles_div_by_10)  { // Cycles_div_by_10: min 3, max 255
;__Lib_Delays.c,67 :: 		--cycles_div_by_10;
0x0003	0x1283      	BCF        STATUS, 5
0x0004	0x039E      	DECF       FARG_Delay_Cyc_cycles_div_by_10, 1
;__Lib_Delays.c,68 :: 		--cycles_div_by_10;
0x0005	0x039E      	DECF       FARG_Delay_Cyc_cycles_div_by_10, 1
;__Lib_Delays.c,69 :: 		while (cycles_div_by_10 > 0) {
L_Delay_Cyc13:
0x0006	0x081E      	MOVF       FARG_Delay_Cyc_cycles_div_by_10, 0
0x0007	0x3C00      	SUBLW      0
0x0008	0x1803      	BTFSC      STATUS, 0
0x0009	0x280F      	GOTO       L_Delay_Cyc14
;__Lib_Delays.c,70 :: 		--cycles_div_by_10;
0x000A	0x039E      	DECF       FARG_Delay_Cyc_cycles_div_by_10, 1
;__Lib_Delays.c,71 :: 		asm nop;
0x000B	0x0000      	NOP
;__Lib_Delays.c,72 :: 		asm nop;
0x000C	0x0000      	NOP
;__Lib_Delays.c,73 :: 		asm nop;
0x000D	0x0000      	NOP
;__Lib_Delays.c,74 :: 		}
0x000E	0x2806      	GOTO       L_Delay_Cyc13
L_Delay_Cyc14:
;__Lib_Delays.c,75 :: 		asm nop;
0x000F	0x0000      	NOP
;__Lib_Delays.c,76 :: 		asm nop;
0x0010	0x0000      	NOP
;__Lib_Delays.c,77 :: 		asm nop;
0x0011	0x0000      	NOP
;__Lib_Delays.c,78 :: 		asm nop;
0x0012	0x0000      	NOP
;__Lib_Delays.c,79 :: 		asm nop;
0x0013	0x0000      	NOP
;__Lib_Delays.c,80 :: 		}
L_end_Delay_Cyc:
0x0014	0x0008      	RETURN
; end of _Delay_Cyc
_Div_16X16_U:
;__Lib_Math.c,215 :: 		
;__Lib_Math.c,222 :: 		
0x0015	0x1283      	BCF        STATUS, 5
;__Lib_Math.c,223 :: 		
0x0016	0x1303      	BCF        STATUS, 6
;__Lib_Math.c,224 :: 		
0x0017	0x01C8      	CLRF       R8
;__Lib_Math.c,225 :: 		
0x0018	0x01C9      	CLRF       R9
;__Lib_Math.c,226 :: 		
0x0019	0x3010      	MOVLW      16
;__Lib_Math.c,227 :: 		
0x001A	0x00CC      	MOVWF      R12
;__Lib_Math.c,228 :: 		
0x001B	0x0D41      	RLF        R1, 0
;__Lib_Math.c,229 :: 		
0x001C	0x0DC8      	RLF        R8, 1
;__Lib_Math.c,230 :: 		
0x001D	0x0DC9      	RLF        R9, 1
;__Lib_Math.c,231 :: 		
0x001E	0x0844      	MOVF       R4, 0
;__Lib_Math.c,232 :: 		
0x001F	0x02C8      	SUBWF      R8, 1
;__Lib_Math.c,233 :: 		
0x0020	0x0845      	MOVF       R5, 0
;__Lib_Math.c,234 :: 		
0x0021	0x1C03      	BTFSS      STATUS, 0
;__Lib_Math.c,235 :: 		
0x0022	0x0F45      	INCFSZ     R5, 0
;__Lib_Math.c,236 :: 		
0x0023	0x02C9      	SUBWF      R9, 1
;__Lib_Math.c,237 :: 		
0x0024	0x1803      	BTFSC      STATUS, 0
;__Lib_Math.c,238 :: 		
0x0025	0x282D      	GOTO       $+8
;__Lib_Math.c,239 :: 		
0x0026	0x0844      	MOVF       R4, 0
;__Lib_Math.c,240 :: 		
0x0027	0x07C8      	ADDWF      R8, 1
;__Lib_Math.c,241 :: 		
0x0028	0x0845      	MOVF       R5, 0
;__Lib_Math.c,242 :: 		
0x0029	0x1803      	BTFSC      STATUS, 0
;__Lib_Math.c,243 :: 		
0x002A	0x0F45      	INCFSZ     R5, 0
;__Lib_Math.c,244 :: 		
0x002B	0x07C9      	ADDWF      R9, 1
;__Lib_Math.c,245 :: 		
0x002C	0x1003      	BCF        STATUS, 0
;__Lib_Math.c,246 :: 		
0x002D	0x0DC0      	RLF        R0, 1
;__Lib_Math.c,247 :: 		
0x002E	0x0DC1      	RLF        R1, 1
;__Lib_Math.c,248 :: 		
0x002F	0x0BCC      	DECFSZ     R12, 1
;__Lib_Math.c,249 :: 		
0x0030	0x281B      	GOTO       $-21
;__Lib_Math.c,251 :: 		
L_end_Div_16X16_U:
0x0031	0x0008      	RETURN
; end of _Div_16X16_U
_Delay_500us:
;__Lib_Delays.c,27 :: 		void Delay_500us() {
;__Lib_Delays.c,28 :: 		Delay_us(498);
0x0032	0x3002      	MOVLW      2
0x0033	0x1283      	BCF        STATUS, 5
0x0034	0x00CC      	MOVWF      R12
0x0035	0x3049      	MOVLW      73
0x0036	0x00CD      	MOVWF      R13
L_Delay_500us4:
0x0037	0x0BCD      	DECFSZ     R13, 1
0x0038	0x2837      	GOTO       L_Delay_500us4
0x0039	0x0BCC      	DECFSZ     R12, 1
0x003A	0x2837      	GOTO       L_Delay_500us4
0x003B	0x0000      	NOP
0x003C	0x0000      	NOP
;__Lib_Delays.c,29 :: 		}
L_end_Delay_500us:
0x003D	0x0008      	RETURN
; end of _Delay_500us
_Mul_32x32_U:
;__Lib_Math.c,1775 :: 		
;__Lib_Math.c,1790 :: 		
0x003E	0x1283      	BCF        STATUS, 5
;__Lib_Math.c,1791 :: 		
0x003F	0x1303      	BCF        STATUS, 6
;__Lib_Math.c,1792 :: 		
0x0040	0x3022      	MOVLW      34
;__Lib_Math.c,1793 :: 		
0x0041	0x00CC      	MOVWF      R12
;__Lib_Math.c,1794 :: 		
0x0042	0x01C8      	CLRF       R8
;__Lib_Math.c,1795 :: 		
0x0043	0x01C9      	CLRF       R9
;__Lib_Math.c,1796 :: 		
0x0044	0x01CA      	CLRF       R10
;__Lib_Math.c,1797 :: 		
0x0045	0x01CB      	CLRF       R11
;__Lib_Math.c,1799 :: 		
_NEXT:
;__Lib_Math.c,1803 :: 		
0x0046	0x03CC      	DECF       R12, 1
;__Lib_Math.c,1804 :: 		
0x0047	0x1903      	BTFSC      STATUS, 2
;__Lib_Math.c,1805 :: 		
0x0048	0x2874      	GOTO       _EXIT2
;__Lib_Math.c,1806 :: 		
0x0049	0x1003      	BCF        STATUS, 0
;__Lib_Math.c,1808 :: 		
_LOOP:
;__Lib_Math.c,1817 :: 		
0x004A	0x0CCB      	RRF        R11, 1
;__Lib_Math.c,1818 :: 		
0x004B	0x0CCA      	RRF        R10, 1
;__Lib_Math.c,1819 :: 		
0x004C	0x0CC9      	RRF        R9, 1
;__Lib_Math.c,1820 :: 		
0x004D	0x0CC8      	RRF        R8, 1
;__Lib_Math.c,1821 :: 		
0x004E	0x0CC3      	RRF        R3, 1
;__Lib_Math.c,1822 :: 		
0x004F	0x0CC2      	RRF        R2, 1
;__Lib_Math.c,1823 :: 		
0x0050	0x0CC1      	RRF        R1, 1
;__Lib_Math.c,1824 :: 		
0x0051	0x0CC0      	RRF        R0, 1
;__Lib_Math.c,1829 :: 		
0x0052	0x1C03      	BTFSS      STATUS, 0
;__Lib_Math.c,1830 :: 		
0x0053	0x2846      	GOTO       _NEXT
;__Lib_Math.c,1831 :: 		
0x0054	0x03CC      	DECF       R12, 1
;__Lib_Math.c,1832 :: 		
0x0055	0x1903      	BTFSC      STATUS, 2
;__Lib_Math.c,1833 :: 		
0x0056	0x2866      	GOTO       _EXIT1
;__Lib_Math.c,1840 :: 		
0x0057	0x0844      	MOVF       R4, 0
;__Lib_Math.c,1841 :: 		
0x0058	0x07C8      	ADDWF      R8, 1
;__Lib_Math.c,1842 :: 		
0x0059	0x0845      	MOVF       R5, 0
;__Lib_Math.c,1843 :: 		
0x005A	0x1803      	BTFSC      STATUS, 0
;__Lib_Math.c,1844 :: 		
0x005B	0x0F45      	INCFSZ     R5, 0
;__Lib_Math.c,1845 :: 		
0x005C	0x07C9      	ADDWF      R9, 1
;__Lib_Math.c,1846 :: 		
0x005D	0x0846      	MOVF       R6, 0
;__Lib_Math.c,1847 :: 		
0x005E	0x1803      	BTFSC      STATUS, 0
;__Lib_Math.c,1848 :: 		
0x005F	0x0F46      	INCFSZ     R6, 0
;__Lib_Math.c,1849 :: 		
0x0060	0x07CA      	ADDWF      R10, 1
;__Lib_Math.c,1850 :: 		
0x0061	0x0847      	MOVF       R7, 0
;__Lib_Math.c,1851 :: 		
0x0062	0x1803      	BTFSC      STATUS, 0
;__Lib_Math.c,1852 :: 		
0x0063	0x0F47      	INCFSZ     R7, 0
;__Lib_Math.c,1853 :: 		
0x0064	0x07CB      	ADDWF      R11, 1
;__Lib_Math.c,1855 :: 		
0x0065	0x284A      	GOTO       _LOOP
;__Lib_Math.c,1857 :: 		
_EXIT1:
;__Lib_Math.c,1862 :: 		
0x0066	0x0844      	MOVF       R4, 0
;__Lib_Math.c,1863 :: 		
0x0067	0x07C8      	ADDWF      R8, 1
;__Lib_Math.c,1864 :: 		
0x0068	0x0845      	MOVF       R5, 0
;__Lib_Math.c,1865 :: 		
0x0069	0x1803      	BTFSC      STATUS, 0
;__Lib_Math.c,1866 :: 		
0x006A	0x0F45      	INCFSZ     R5, 0
;__Lib_Math.c,1867 :: 		
0x006B	0x07C9      	ADDWF      R9, 1
;__Lib_Math.c,1868 :: 		
0x006C	0x0846      	MOVF       R6, 0
;__Lib_Math.c,1869 :: 		
0x006D	0x1803      	BTFSC      STATUS, 0
;__Lib_Math.c,1870 :: 		
0x006E	0x0F46      	INCFSZ     R6, 0
;__Lib_Math.c,1871 :: 		
0x006F	0x07CA      	ADDWF      R10, 1
;__Lib_Math.c,1872 :: 		
0x0070	0x0847      	MOVF       R7, 0
;__Lib_Math.c,1873 :: 		
0x0071	0x1803      	BTFSC      STATUS, 0
;__Lib_Math.c,1874 :: 		
0x0072	0x0F47      	INCFSZ     R7, 0
;__Lib_Math.c,1875 :: 		
0x0073	0x07CB      	ADDWF      R11, 1
;__Lib_Math.c,1878 :: 		
_EXIT2:
;__Lib_Math.c,1880 :: 		
L_end_Mul_32x32_U:
0x0074	0x0008      	RETURN
; end of _Mul_32x32_U
_Get_Fosc_kHz:
;__Lib_Delays.c,1 :: 		unsigned long Get_Fosc_kHz(){
;__Lib_Delays.c,3 :: 		return Clock_kHz();
0x0075	0x3040      	MOVLW      64
0x0076	0x1283      	BCF        STATUS, 5
0x0077	0x00C0      	MOVWF      R0
0x0078	0x301F      	MOVLW      31
0x0079	0x00C1      	MOVWF      R0+1
0x007A	0x01C2      	CLRF       R0+2
0x007B	0x01C3      	CLRF       R0+3
;__Lib_Delays.c,5 :: 		}
L_end_Get_Fosc_kHz:
0x007C	0x0008      	RETURN
; end of _Get_Fosc_kHz
_Div_32x32_U:
;__Lib_Math.c,1318 :: 		
;__Lib_Math.c,1327 :: 		
;__Lib_Math.c,1329 :: 		
0x007D	0x1283      	BCF        STATUS, 5
;__Lib_Math.c,1330 :: 		
0x007E	0x1303      	BCF        STATUS, 6
;__Lib_Math.c,1331 :: 		
0x007F	0x01CB      	CLRF       R11
;__Lib_Math.c,1332 :: 		
0x0080	0x01CA      	CLRF       R10
;__Lib_Math.c,1333 :: 		
0x0081	0x01C9      	CLRF       R9
;__Lib_Math.c,1334 :: 		
0x0082	0x01C8      	CLRF       R8
;__Lib_Math.c,1336 :: 		
0x0083	0x018C      	CLRF       ___math_tempb
;__Lib_Math.c,1338 :: 		
0x0084	0x0D43      	RLF        R3, 0
;__Lib_Math.c,1339 :: 		
0x0085	0x0DC8      	RLF        R8, 1
;__Lib_Math.c,1340 :: 		
0x0086	0x0844      	MOVF       R4, 0
;__Lib_Math.c,1341 :: 		
0x0087	0x02C8      	SUBWF      R8, 1
;__Lib_Math.c,1342 :: 		
0x0088	0x0845      	MOVF       R5, 0
;__Lib_Math.c,1343 :: 		
0x0089	0x1C03      	BTFSS      STATUS, 0
;__Lib_Math.c,1344 :: 		
0x008A	0x0F45      	INCFSZ     R5, 0
;__Lib_Math.c,1345 :: 		
0x008B	0x02C9      	SUBWF      R9, 1
;__Lib_Math.c,1346 :: 		
0x008C	0x0846      	MOVF       R6, 0
;__Lib_Math.c,1347 :: 		
0x008D	0x1C03      	BTFSS      STATUS, 0
;__Lib_Math.c,1348 :: 		
0x008E	0x0F46      	INCFSZ     R6, 0
;__Lib_Math.c,1349 :: 		
0x008F	0x02CA      	SUBWF      R10, 1
;__Lib_Math.c,1350 :: 		
0x0090	0x0847      	MOVF       R7, 0
;__Lib_Math.c,1351 :: 		
0x0091	0x1C03      	BTFSS      STATUS, 0
;__Lib_Math.c,1352 :: 		
0x0092	0x0F47      	INCFSZ     R7, 0
;__Lib_Math.c,1353 :: 		
0x0093	0x02CB      	SUBWF      R11, 1
;__Lib_Math.c,1355 :: 		
0x0094	0x0100      	CLRW
;__Lib_Math.c,1356 :: 		
0x0095	0x1C03      	BTFSS      STATUS, 0
;__Lib_Math.c,1357 :: 		
0x0096	0x3001      	MOVLW      1
;__Lib_Math.c,1358 :: 		
0x0097	0x028C      	SUBWF      ___math_tempb, 1
;__Lib_Math.c,1359 :: 		
0x0098	0x0DC3      	RLF        R3, 1
;__Lib_Math.c,1361 :: 		
0x0099	0x3007      	MOVLW      7
;__Lib_Math.c,1362 :: 		
0x009A	0x00CC      	MOVWF      R12
;__Lib_Math.c,1364 :: 		
LOOPU3232A:
;__Lib_Math.c,1365 :: 		
0x009B	0x0D43      	RLF        R3, 0
;__Lib_Math.c,1366 :: 		
0x009C	0x0DC8      	RLF        R8, 1
;__Lib_Math.c,1367 :: 		
0x009D	0x0DC9      	RLF        R9, 1
;__Lib_Math.c,1368 :: 		
0x009E	0x0DCA      	RLF        R10, 1
;__Lib_Math.c,1369 :: 		
0x009F	0x0DCB      	RLF        R11, 1
;__Lib_Math.c,1370 :: 		
0x00A0	0x0D8C      	RLF        ___math_tempb, 1
;__Lib_Math.c,1371 :: 		
0x00A1	0x0844      	MOVF       R4, 0
;__Lib_Math.c,1372 :: 		
0x00A2	0x1C43      	BTFSS      R3, 0
;__Lib_Math.c,1373 :: 		
0x00A3	0x28B6      	GOTO       UADD22LA
;__Lib_Math.c,1375 :: 		
0x00A4	0x02C8      	SUBWF      R8, 1
;__Lib_Math.c,1376 :: 		
0x00A5	0x0845      	MOVF       R5, 0
;__Lib_Math.c,1377 :: 		
0x00A6	0x1C03      	BTFSS      STATUS, 0
;__Lib_Math.c,1378 :: 		
0x00A7	0x0F45      	INCFSZ     R5, 0
;__Lib_Math.c,1379 :: 		
0x00A8	0x02C9      	SUBWF      R9, 1
;__Lib_Math.c,1380 :: 		
0x00A9	0x0846      	MOVF       R6, 0
;__Lib_Math.c,1381 :: 		
0x00AA	0x1C03      	BTFSS      STATUS, 0
;__Lib_Math.c,1382 :: 		
0x00AB	0x0F46      	INCFSZ     R6, 0
;__Lib_Math.c,1383 :: 		
0x00AC	0x02CA      	SUBWF      R10, 1
;__Lib_Math.c,1384 :: 		
0x00AD	0x0847      	MOVF       R7, 0
;__Lib_Math.c,1385 :: 		
0x00AE	0x1C03      	BTFSS      STATUS, 0
;__Lib_Math.c,1386 :: 		
0x00AF	0x0F47      	INCFSZ     R7, 0
;__Lib_Math.c,1387 :: 		
0x00B0	0x02CB      	SUBWF      R11, 1
;__Lib_Math.c,1388 :: 		
0x00B1	0x0100      	CLRW
;__Lib_Math.c,1389 :: 		
0x00B2	0x1C03      	BTFSS      STATUS, 0
;__Lib_Math.c,1390 :: 		
0x00B3	0x3001      	MOVLW      1
;__Lib_Math.c,1391 :: 		
0x00B4	0x028C      	SUBWF      ___math_tempb, 1
;__Lib_Math.c,1392 :: 		
0x00B5	0x28C7      	GOTO       UOK22LA
;__Lib_Math.c,1394 :: 		
UADD22LA:
;__Lib_Math.c,1395 :: 		
0x00B6	0x07C8      	ADDWF      R8, 1
;__Lib_Math.c,1396 :: 		
0x00B7	0x0845      	MOVF       R5, 0
;__Lib_Math.c,1397 :: 		
0x00B8	0x1803      	BTFSC      STATUS, 0
;__Lib_Math.c,1398 :: 		
0x00B9	0x0F45      	INCFSZ     R5, 0
;__Lib_Math.c,1399 :: 		
0x00BA	0x07C9      	ADDWF      R9, 1
;__Lib_Math.c,1400 :: 		
0x00BB	0x0846      	MOVF       R6, 0
;__Lib_Math.c,1401 :: 		
0x00BC	0x1803      	BTFSC      STATUS, 0
;__Lib_Math.c,1402 :: 		
0x00BD	0x0F46      	INCFSZ     R6, 0
;__Lib_Math.c,1403 :: 		
0x00BE	0x07CA      	ADDWF      R10, 1
;__Lib_Math.c,1404 :: 		
0x00BF	0x0847      	MOVF       R7, 0
;__Lib_Math.c,1405 :: 		
0x00C0	0x1803      	BTFSC      STATUS, 0
;__Lib_Math.c,1406 :: 		
0x00C1	0x0F47      	INCFSZ     R7, 0
;__Lib_Math.c,1407 :: 		
0x00C2	0x07CB      	ADDWF      R11, 1
;__Lib_Math.c,1408 :: 		
0x00C3	0x0100      	CLRW
;__Lib_Math.c,1409 :: 		
0x00C4	0x1803      	BTFSC      STATUS, 0
;__Lib_Math.c,1410 :: 		
0x00C5	0x3001      	MOVLW      1
;__Lib_Math.c,1411 :: 		
0x00C6	0x078C      	ADDWF      ___math_tempb, 1
;__Lib_Math.c,1413 :: 		
UOK22LA:
;__Lib_Math.c,1414 :: 		
0x00C7	0x0DC3      	RLF        R3, 1
;__Lib_Math.c,1416 :: 		
0x00C8	0x0BCC      	DECFSZ     R12, 1
;__Lib_Math.c,1417 :: 		
0x00C9	0x289B      	GOTO       LOOPU3232A
;__Lib_Math.c,1419 :: 		
0x00CA	0x0D42      	RLF        R2, 0
;__Lib_Math.c,1420 :: 		
0x00CB	0x0DC8      	RLF        R8, 1
;__Lib_Math.c,1421 :: 		
0x00CC	0x0DC9      	RLF        R9, 1
;__Lib_Math.c,1422 :: 		
0x00CD	0x0DCA      	RLF        R10, 1
;__Lib_Math.c,1423 :: 		
0x00CE	0x0DCB      	RLF        R11, 1
;__Lib_Math.c,1424 :: 		
0x00CF	0x0D8C      	RLF        ___math_tempb, 1
;__Lib_Math.c,1425 :: 		
0x00D0	0x0844      	MOVF       R4, 0
;__Lib_Math.c,1426 :: 		
0x00D1	0x1C43      	BTFSS      R3, 0
;__Lib_Math.c,1427 :: 		
0x00D2	0x28E5      	GOTO       UADD22L8
;__Lib_Math.c,1429 :: 		
0x00D3	0x02C8      	SUBWF      R8, 1
;__Lib_Math.c,1430 :: 		
0x00D4	0x0845      	MOVF       R5, 0
;__Lib_Math.c,1431 :: 		
0x00D5	0x1C03      	BTFSS      STATUS, 0
;__Lib_Math.c,1432 :: 		
0x00D6	0x0F45      	INCFSZ     R5, 0
;__Lib_Math.c,1433 :: 		
0x00D7	0x02C9      	SUBWF      R9, 1
;__Lib_Math.c,1434 :: 		
0x00D8	0x0846      	MOVF       R6, 0
;__Lib_Math.c,1435 :: 		
0x00D9	0x1C03      	BTFSS      STATUS, 0
;__Lib_Math.c,1436 :: 		
0x00DA	0x0F46      	INCFSZ     R6, 0
;__Lib_Math.c,1437 :: 		
0x00DB	0x02CA      	SUBWF      R10, 1
;__Lib_Math.c,1438 :: 		
0x00DC	0x0847      	MOVF       R7, 0
;__Lib_Math.c,1439 :: 		
0x00DD	0x1C03      	BTFSS      STATUS, 0
;__Lib_Math.c,1440 :: 		
0x00DE	0x0F47      	INCFSZ     R7, 0
;__Lib_Math.c,1441 :: 		
0x00DF	0x02CB      	SUBWF      R11, 1
;__Lib_Math.c,1442 :: 		
0x00E0	0x0100      	CLRW
;__Lib_Math.c,1443 :: 		
0x00E1	0x1C03      	BTFSS      STATUS, 0
;__Lib_Math.c,1444 :: 		
0x00E2	0x3001      	MOVLW      1
;__Lib_Math.c,1445 :: 		
0x00E3	0x028C      	SUBWF      ___math_tempb, 1
;__Lib_Math.c,1446 :: 		
0x00E4	0x28F6      	GOTO       UOK22L8
;__Lib_Math.c,1448 :: 		
UADD22L8:
;__Lib_Math.c,1449 :: 		
0x00E5	0x07C8      	ADDWF      R8, 1
;__Lib_Math.c,1450 :: 		
0x00E6	0x0845      	MOVF       R5, 0
;__Lib_Math.c,1451 :: 		
0x00E7	0x1803      	BTFSC      STATUS, 0
;__Lib_Math.c,1452 :: 		
0x00E8	0x0F45      	INCFSZ     R5, 0
;__Lib_Math.c,1453 :: 		
0x00E9	0x07C9      	ADDWF      R9, 1
;__Lib_Math.c,1454 :: 		
0x00EA	0x0846      	MOVF       R6, 0
;__Lib_Math.c,1455 :: 		
0x00EB	0x1803      	BTFSC      STATUS, 0
;__Lib_Math.c,1456 :: 		
0x00EC	0x0F46      	INCFSZ     R6, 0
;__Lib_Math.c,1457 :: 		
0x00ED	0x07CA      	ADDWF      R10, 1
;__Lib_Math.c,1458 :: 		
0x00EE	0x0847      	MOVF       R7, 0
;__Lib_Math.c,1459 :: 		
0x00EF	0x1803      	BTFSC      STATUS, 0
;__Lib_Math.c,1460 :: 		
0x00F0	0x0F47      	INCFSZ     R7, 0
;__Lib_Math.c,1461 :: 		
0x00F1	0x07CB      	ADDWF      R11, 1
;__Lib_Math.c,1462 :: 		
0x00F2	0x0100      	CLRW
;__Lib_Math.c,1463 :: 		
0x00F3	0x1803      	BTFSC      STATUS, 0
;__Lib_Math.c,1464 :: 		
0x00F4	0x3001      	MOVLW      1
;__Lib_Math.c,1465 :: 		
0x00F5	0x078C      	ADDWF      ___math_tempb, 1
;__Lib_Math.c,1467 :: 		
UOK22L8:
;__Lib_Math.c,1468 :: 		
0x00F6	0x0DC2      	RLF        R2, 1
;__Lib_Math.c,1470 :: 		
0x00F7	0x3007      	MOVLW      7
;__Lib_Math.c,1471 :: 		
0x00F8	0x00CC      	MOVWF      R12
;__Lib_Math.c,1473 :: 		
LOOPU3232B:
;__Lib_Math.c,1474 :: 		
0x00F9	0x0D42      	RLF        R2, 0
;__Lib_Math.c,1475 :: 		
0x00FA	0x0DC8      	RLF        R8, 1
;__Lib_Math.c,1476 :: 		
0x00FB	0x0DC9      	RLF        R9, 1
;__Lib_Math.c,1477 :: 		
0x00FC	0x0DCA      	RLF        R10, 1
;__Lib_Math.c,1478 :: 		
0x00FD	0x0DCB      	RLF        R11, 1
;__Lib_Math.c,1479 :: 		
0x00FE	0x0D8C      	RLF        ___math_tempb, 1
;__Lib_Math.c,1480 :: 		
0x00FF	0x0844      	MOVF       R4, 0
;__Lib_Math.c,1481 :: 		
0x0100	0x1C42      	BTFSS      R2, 0
;__Lib_Math.c,1482 :: 		
0x0101	0x2914      	GOTO       UADD22LB
;__Lib_Math.c,1484 :: 		
0x0102	0x02C8      	SUBWF      R8, 1
;__Lib_Math.c,1485 :: 		
0x0103	0x0845      	MOVF       R5, 0
;__Lib_Math.c,1486 :: 		
0x0104	0x1C03      	BTFSS      STATUS, 0
;__Lib_Math.c,1487 :: 		
0x0105	0x0F45      	INCFSZ     R5, 0
;__Lib_Math.c,1488 :: 		
0x0106	0x02C9      	SUBWF      R9, 1
;__Lib_Math.c,1489 :: 		
0x0107	0x0846      	MOVF       R6, 0
;__Lib_Math.c,1490 :: 		
0x0108	0x1C03      	BTFSS      STATUS, 0
;__Lib_Math.c,1491 :: 		
0x0109	0x0F46      	INCFSZ     R6, 0
;__Lib_Math.c,1492 :: 		
0x010A	0x02CA      	SUBWF      R10, 1
;__Lib_Math.c,1493 :: 		
0x010B	0x0847      	MOVF       R7, 0
;__Lib_Math.c,1494 :: 		
0x010C	0x1C03      	BTFSS      STATUS, 0
;__Lib_Math.c,1495 :: 		
0x010D	0x0F47      	INCFSZ     R7, 0
;__Lib_Math.c,1496 :: 		
0x010E	0x02CB      	SUBWF      R11, 1
;__Lib_Math.c,1497 :: 		
0x010F	0x0100      	CLRW
;__Lib_Math.c,1498 :: 		
0x0110	0x1C03      	BTFSS      STATUS, 0
;__Lib_Math.c,1499 :: 		
0x0111	0x3001      	MOVLW      1
;__Lib_Math.c,1500 :: 		
0x0112	0x028C      	SUBWF      ___math_tempb, 1
;__Lib_Math.c,1501 :: 		
0x0113	0x2925      	GOTO       UOK22LB
;__Lib_Math.c,1503 :: 		
UADD22LB:
;__Lib_Math.c,1504 :: 		
0x0114	0x07C8      	ADDWF      R8, 1
;__Lib_Math.c,1505 :: 		
0x0115	0x0845      	MOVF       R5, 0
;__Lib_Math.c,1506 :: 		
0x0116	0x1803      	BTFSC      STATUS, 0
;__Lib_Math.c,1507 :: 		
0x0117	0x0F45      	INCFSZ     R5, 0
;__Lib_Math.c,1508 :: 		
0x0118	0x07C9      	ADDWF      R9, 1
;__Lib_Math.c,1509 :: 		
0x0119	0x0846      	MOVF       R6, 0
;__Lib_Math.c,1510 :: 		
0x011A	0x1803      	BTFSC      STATUS, 0
;__Lib_Math.c,1511 :: 		
0x011B	0x0F46      	INCFSZ     R6, 0
;__Lib_Math.c,1512 :: 		
0x011C	0x07CA      	ADDWF      R10, 1
;__Lib_Math.c,1513 :: 		
0x011D	0x0847      	MOVF       R7, 0
;__Lib_Math.c,1514 :: 		
0x011E	0x1803      	BTFSC      STATUS, 0
;__Lib_Math.c,1515 :: 		
0x011F	0x0F47      	INCFSZ     R7, 0
;__Lib_Math.c,1516 :: 		
0x0120	0x07CB      	ADDWF      R11, 1
;__Lib_Math.c,1517 :: 		
0x0121	0x0100      	CLRW
;__Lib_Math.c,1518 :: 		
0x0122	0x1803      	BTFSC      STATUS, 0
;__Lib_Math.c,1519 :: 		
0x0123	0x3001      	MOVLW      1
;__Lib_Math.c,1520 :: 		
0x0124	0x078C      	ADDWF      ___math_tempb, 1
;__Lib_Math.c,1522 :: 		
UOK22LB:
;__Lib_Math.c,1523 :: 		
0x0125	0x0DC2      	RLF        R2, 1
;__Lib_Math.c,1525 :: 		
0x0126	0x0BCC      	DECFSZ     R12, 1
;__Lib_Math.c,1526 :: 		
0x0127	0x28F9      	GOTO       LOOPU3232B
;__Lib_Math.c,1528 :: 		
0x0128	0x0D41      	RLF        R1, 0
;__Lib_Math.c,1529 :: 		
0x0129	0x0DC8      	RLF        R8, 1
;__Lib_Math.c,1530 :: 		
0x012A	0x0DC9      	RLF        R9, 1
;__Lib_Math.c,1531 :: 		
0x012B	0x0DCA      	RLF        R10, 1
;__Lib_Math.c,1532 :: 		
0x012C	0x0DCB      	RLF        R11, 1
;__Lib_Math.c,1533 :: 		
0x012D	0x0D8C      	RLF        ___math_tempb, 1
;__Lib_Math.c,1534 :: 		
0x012E	0x0844      	MOVF       R4, 0
;__Lib_Math.c,1535 :: 		
0x012F	0x1C42      	BTFSS      R2, 0
;__Lib_Math.c,1536 :: 		
0x0130	0x2943      	GOTO       UADD22L16
;__Lib_Math.c,1538 :: 		
0x0131	0x02C8      	SUBWF      R8, 1
;__Lib_Math.c,1539 :: 		
0x0132	0x0845      	MOVF       R5, 0
;__Lib_Math.c,1540 :: 		
0x0133	0x1C03      	BTFSS      STATUS, 0
;__Lib_Math.c,1541 :: 		
0x0134	0x0F45      	INCFSZ     R5, 0
;__Lib_Math.c,1542 :: 		
0x0135	0x02C9      	SUBWF      R9, 1
;__Lib_Math.c,1543 :: 		
0x0136	0x0846      	MOVF       R6, 0
;__Lib_Math.c,1544 :: 		
0x0137	0x1C03      	BTFSS      STATUS, 0
;__Lib_Math.c,1545 :: 		
0x0138	0x0F46      	INCFSZ     R6, 0
;__Lib_Math.c,1546 :: 		
0x0139	0x02CA      	SUBWF      R10, 1
;__Lib_Math.c,1547 :: 		
0x013A	0x0847      	MOVF       R7, 0
;__Lib_Math.c,1548 :: 		
0x013B	0x1C03      	BTFSS      STATUS, 0
;__Lib_Math.c,1549 :: 		
0x013C	0x0F47      	INCFSZ     R7, 0
;__Lib_Math.c,1550 :: 		
0x013D	0x02CB      	SUBWF      R11, 1
;__Lib_Math.c,1551 :: 		
0x013E	0x0100      	CLRW
;__Lib_Math.c,1552 :: 		
0x013F	0x1C03      	BTFSS      STATUS, 0
;__Lib_Math.c,1553 :: 		
0x0140	0x3001      	MOVLW      1
;__Lib_Math.c,1554 :: 		
0x0141	0x028C      	SUBWF      ___math_tempb, 1
;__Lib_Math.c,1555 :: 		
0x0142	0x2954      	GOTO       UOK22L16
;__Lib_Math.c,1557 :: 		
UADD22L16:
;__Lib_Math.c,1558 :: 		
0x0143	0x07C8      	ADDWF      R8, 1
;__Lib_Math.c,1559 :: 		
0x0144	0x0845      	MOVF       R5, 0
;__Lib_Math.c,1560 :: 		
0x0145	0x1803      	BTFSC      STATUS, 0
;__Lib_Math.c,1561 :: 		
0x0146	0x0F45      	INCFSZ     R5, 0
;__Lib_Math.c,1562 :: 		
0x0147	0x07C9      	ADDWF      R9, 1
;__Lib_Math.c,1563 :: 		
0x0148	0x0846      	MOVF       R6, 0
;__Lib_Math.c,1564 :: 		
0x0149	0x1803      	BTFSC      STATUS, 0
;__Lib_Math.c,1565 :: 		
0x014A	0x0F46      	INCFSZ     R6, 0
;__Lib_Math.c,1566 :: 		
0x014B	0x07CA      	ADDWF      R10, 1
;__Lib_Math.c,1567 :: 		
0x014C	0x0847      	MOVF       R7, 0
;__Lib_Math.c,1568 :: 		
0x014D	0x1803      	BTFSC      STATUS, 0
;__Lib_Math.c,1569 :: 		
0x014E	0x0F47      	INCFSZ     R7, 0
;__Lib_Math.c,1570 :: 		
0x014F	0x07CB      	ADDWF      R11, 1
;__Lib_Math.c,1571 :: 		
0x0150	0x0100      	CLRW
;__Lib_Math.c,1572 :: 		
0x0151	0x1803      	BTFSC      STATUS, 0
;__Lib_Math.c,1573 :: 		
0x0152	0x3001      	MOVLW      1
;__Lib_Math.c,1574 :: 		
0x0153	0x078C      	ADDWF      ___math_tempb, 1
;__Lib_Math.c,1576 :: 		
UOK22L16:
;__Lib_Math.c,1577 :: 		
0x0154	0x0DC1      	RLF        R1, 1
;__Lib_Math.c,1579 :: 		
0x0155	0x3007      	MOVLW      7
;__Lib_Math.c,1580 :: 		
0x0156	0x00CC      	MOVWF      R12
;__Lib_Math.c,1582 :: 		
LOOPU3232C:
;__Lib_Math.c,1583 :: 		
0x0157	0x0D41      	RLF        R1, 0
;__Lib_Math.c,1584 :: 		
0x0158	0x0DC8      	RLF        R8, 1
;__Lib_Math.c,1585 :: 		
0x0159	0x0DC9      	RLF        R9, 1
;__Lib_Math.c,1586 :: 		
0x015A	0x0DCA      	RLF        R10, 1
;__Lib_Math.c,1587 :: 		
0x015B	0x0DCB      	RLF        R11, 1
;__Lib_Math.c,1588 :: 		
0x015C	0x0D8C      	RLF        ___math_tempb, 1
;__Lib_Math.c,1589 :: 		
0x015D	0x0844      	MOVF       R4, 0
;__Lib_Math.c,1590 :: 		
0x015E	0x1C41      	BTFSS      R1, 0
;__Lib_Math.c,1591 :: 		
0x015F	0x2972      	GOTO       UADD22LC
;__Lib_Math.c,1593 :: 		
0x0160	0x02C8      	SUBWF      R8, 1
;__Lib_Math.c,1594 :: 		
0x0161	0x0845      	MOVF       R5, 0
;__Lib_Math.c,1595 :: 		
0x0162	0x1C03      	BTFSS      STATUS, 0
;__Lib_Math.c,1596 :: 		
0x0163	0x0F45      	INCFSZ     R5, 0
;__Lib_Math.c,1597 :: 		
0x0164	0x02C9      	SUBWF      R9, 1
;__Lib_Math.c,1598 :: 		
0x0165	0x0846      	MOVF       R6, 0
;__Lib_Math.c,1599 :: 		
0x0166	0x1C03      	BTFSS      STATUS, 0
;__Lib_Math.c,1600 :: 		
0x0167	0x0F46      	INCFSZ     R6, 0
;__Lib_Math.c,1601 :: 		
0x0168	0x02CA      	SUBWF      R10, 1
;__Lib_Math.c,1602 :: 		
0x0169	0x0847      	MOVF       R7, 0
;__Lib_Math.c,1603 :: 		
0x016A	0x1C03      	BTFSS      STATUS, 0
;__Lib_Math.c,1604 :: 		
0x016B	0x0F47      	INCFSZ     R7, 0
;__Lib_Math.c,1605 :: 		
0x016C	0x02CB      	SUBWF      R11, 1
;__Lib_Math.c,1606 :: 		
0x016D	0x0100      	CLRW
;__Lib_Math.c,1607 :: 		
0x016E	0x1C03      	BTFSS      STATUS, 0
;__Lib_Math.c,1608 :: 		
0x016F	0x3001      	MOVLW      1
;__Lib_Math.c,1609 :: 		
0x0170	0x028C      	SUBWF      ___math_tempb, 1
;__Lib_Math.c,1610 :: 		
0x0171	0x2983      	GOTO       UOK22LC
;__Lib_Math.c,1612 :: 		
UADD22LC:
;__Lib_Math.c,1613 :: 		
0x0172	0x07C8      	ADDWF      R8, 1
;__Lib_Math.c,1614 :: 		
0x0173	0x0845      	MOVF       R5, 0
;__Lib_Math.c,1615 :: 		
0x0174	0x1803      	BTFSC      STATUS, 0
;__Lib_Math.c,1616 :: 		
0x0175	0x0F45      	INCFSZ     R5, 0
;__Lib_Math.c,1617 :: 		
0x0176	0x07C9      	ADDWF      R9, 1
;__Lib_Math.c,1618 :: 		
0x0177	0x0846      	MOVF       R6, 0
;__Lib_Math.c,1619 :: 		
0x0178	0x1803      	BTFSC      STATUS, 0
;__Lib_Math.c,1620 :: 		
0x0179	0x0F46      	INCFSZ     R6, 0
;__Lib_Math.c,1621 :: 		
0x017A	0x07CA      	ADDWF      R10, 1
;__Lib_Math.c,1622 :: 		
0x017B	0x0847      	MOVF       R7, 0
;__Lib_Math.c,1623 :: 		
0x017C	0x1803      	BTFSC      STATUS, 0
;__Lib_Math.c,1624 :: 		
0x017D	0x0F47      	INCFSZ     R7, 0
;__Lib_Math.c,1625 :: 		
0x017E	0x07CB      	ADDWF      R11, 1
;__Lib_Math.c,1626 :: 		
0x017F	0x0100      	CLRW
;__Lib_Math.c,1627 :: 		
0x0180	0x1803      	BTFSC      STATUS, 0
;__Lib_Math.c,1628 :: 		
0x0181	0x3001      	MOVLW      1
;__Lib_Math.c,1629 :: 		
0x0182	0x078C      	ADDWF      ___math_tempb, 1
;__Lib_Math.c,1631 :: 		
UOK22LC:
;__Lib_Math.c,1632 :: 		
0x0183	0x0DC1      	RLF        R1, 1
;__Lib_Math.c,1634 :: 		
0x0184	0x0BCC      	DECFSZ     R12, 1
;__Lib_Math.c,1635 :: 		
0x0185	0x2957      	GOTO       LOOPU3232C
;__Lib_Math.c,1637 :: 		
0x0186	0x0D40      	RLF        R0, 0
;__Lib_Math.c,1638 :: 		
0x0187	0x0DC8      	RLF        R8, 1
;__Lib_Math.c,1639 :: 		
0x0188	0x0DC9      	RLF        R9, 1
;__Lib_Math.c,1640 :: 		
0x0189	0x0DCA      	RLF        R10, 1
;__Lib_Math.c,1641 :: 		
0x018A	0x0DCB      	RLF        R11, 1
;__Lib_Math.c,1642 :: 		
0x018B	0x0D8C      	RLF        ___math_tempb, 1
;__Lib_Math.c,1643 :: 		
0x018C	0x0844      	MOVF       R4, 0
;__Lib_Math.c,1644 :: 		
0x018D	0x1C41      	BTFSS      R1, 0
;__Lib_Math.c,1645 :: 		
0x018E	0x29A1      	GOTO       UADD22L24
;__Lib_Math.c,1647 :: 		
0x018F	0x02C8      	SUBWF      R8, 1
;__Lib_Math.c,1648 :: 		
0x0190	0x0845      	MOVF       R5, 0
;__Lib_Math.c,1649 :: 		
0x0191	0x1C03      	BTFSS      STATUS, 0
;__Lib_Math.c,1650 :: 		
0x0192	0x0F45      	INCFSZ     R5, 0
;__Lib_Math.c,1651 :: 		
0x0193	0x02C9      	SUBWF      R9, 1
;__Lib_Math.c,1652 :: 		
0x0194	0x0846      	MOVF       R6, 0
;__Lib_Math.c,1653 :: 		
0x0195	0x1C03      	BTFSS      STATUS, 0
;__Lib_Math.c,1654 :: 		
0x0196	0x0F46      	INCFSZ     R6, 0
;__Lib_Math.c,1655 :: 		
0x0197	0x02CA      	SUBWF      R10, 1
;__Lib_Math.c,1656 :: 		
0x0198	0x0847      	MOVF       R7, 0
;__Lib_Math.c,1657 :: 		
0x0199	0x1C03      	BTFSS      STATUS, 0
;__Lib_Math.c,1658 :: 		
0x019A	0x0F47      	INCFSZ     R7, 0
;__Lib_Math.c,1659 :: 		
0x019B	0x02CB      	SUBWF      R11, 1
;__Lib_Math.c,1660 :: 		
0x019C	0x0100      	CLRW
;__Lib_Math.c,1661 :: 		
0x019D	0x1C03      	BTFSS      STATUS, 0
;__Lib_Math.c,1662 :: 		
0x019E	0x3001      	MOVLW      1
;__Lib_Math.c,1663 :: 		
0x019F	0x028C      	SUBWF      ___math_tempb, 1
;__Lib_Math.c,1664 :: 		
0x01A0	0x29B2      	GOTO       UOK22L24
;__Lib_Math.c,1666 :: 		
UADD22L24:
;__Lib_Math.c,1667 :: 		
0x01A1	0x07C8      	ADDWF      R8, 1
;__Lib_Math.c,1668 :: 		
0x01A2	0x0845      	MOVF       R5, 0
;__Lib_Math.c,1669 :: 		
0x01A3	0x1803      	BTFSC      STATUS, 0
;__Lib_Math.c,1670 :: 		
0x01A4	0x0F45      	INCFSZ     R5, 0
;__Lib_Math.c,1671 :: 		
0x01A5	0x07C9      	ADDWF      R9, 1
;__Lib_Math.c,1672 :: 		
0x01A6	0x0846      	MOVF       R6, 0
;__Lib_Math.c,1673 :: 		
0x01A7	0x1803      	BTFSC      STATUS, 0
;__Lib_Math.c,1674 :: 		
0x01A8	0x0F46      	INCFSZ     R6, 0
;__Lib_Math.c,1675 :: 		
0x01A9	0x07CA      	ADDWF      R10, 1
;__Lib_Math.c,1676 :: 		
0x01AA	0x0847      	MOVF       R7, 0
;__Lib_Math.c,1677 :: 		
0x01AB	0x1803      	BTFSC      STATUS, 0
;__Lib_Math.c,1678 :: 		
0x01AC	0x0F47      	INCFSZ     R7, 0
;__Lib_Math.c,1679 :: 		
0x01AD	0x07CB      	ADDWF      R11, 1
;__Lib_Math.c,1680 :: 		
0x01AE	0x0100      	CLRW
;__Lib_Math.c,1681 :: 		
0x01AF	0x1803      	BTFSC      STATUS, 0
;__Lib_Math.c,1682 :: 		
0x01B0	0x3001      	MOVLW      1
;__Lib_Math.c,1683 :: 		
0x01B1	0x078C      	ADDWF      ___math_tempb, 1
;__Lib_Math.c,1685 :: 		
UOK22L24:
;__Lib_Math.c,1686 :: 		
0x01B2	0x0DC0      	RLF        R0, 1
;__Lib_Math.c,1688 :: 		
0x01B3	0x3007      	MOVLW      7
;__Lib_Math.c,1689 :: 		
0x01B4	0x00CC      	MOVWF      R12
;__Lib_Math.c,1691 :: 		
LOOPU3232D:
;__Lib_Math.c,1692 :: 		
0x01B5	0x0D40      	RLF        R0, 0
;__Lib_Math.c,1693 :: 		
0x01B6	0x0DC8      	RLF        R8, 1
;__Lib_Math.c,1694 :: 		
0x01B7	0x0DC9      	RLF        R9, 1
;__Lib_Math.c,1695 :: 		
0x01B8	0x0DCA      	RLF        R10, 1
;__Lib_Math.c,1696 :: 		
0x01B9	0x0DCB      	RLF        R11, 1
;__Lib_Math.c,1697 :: 		
0x01BA	0x0D8C      	RLF        ___math_tempb, 1
;__Lib_Math.c,1698 :: 		
0x01BB	0x0844      	MOVF       R4, 0
;__Lib_Math.c,1699 :: 		
0x01BC	0x1C40      	BTFSS      R0, 0
;__Lib_Math.c,1700 :: 		
0x01BD	0x29D0      	GOTO       UADD22LD
;__Lib_Math.c,1702 :: 		
0x01BE	0x02C8      	SUBWF      R8, 1
;__Lib_Math.c,1703 :: 		
0x01BF	0x0845      	MOVF       R5, 0
;__Lib_Math.c,1704 :: 		
0x01C0	0x1C03      	BTFSS      STATUS, 0
;__Lib_Math.c,1705 :: 		
0x01C1	0x0F45      	INCFSZ     R5, 0
;__Lib_Math.c,1706 :: 		
0x01C2	0x02C9      	SUBWF      R9, 1
;__Lib_Math.c,1707 :: 		
0x01C3	0x0846      	MOVF       R6, 0
;__Lib_Math.c,1708 :: 		
0x01C4	0x1C03      	BTFSS      STATUS, 0
;__Lib_Math.c,1709 :: 		
0x01C5	0x0F46      	INCFSZ     R6, 0
;__Lib_Math.c,1710 :: 		
0x01C6	0x02CA      	SUBWF      R10, 1
;__Lib_Math.c,1711 :: 		
0x01C7	0x0847      	MOVF       R7, 0
;__Lib_Math.c,1712 :: 		
0x01C8	0x1C03      	BTFSS      STATUS, 0
;__Lib_Math.c,1713 :: 		
0x01C9	0x0F47      	INCFSZ     R7, 0
;__Lib_Math.c,1714 :: 		
0x01CA	0x02CB      	SUBWF      R11, 1
;__Lib_Math.c,1715 :: 		
0x01CB	0x0100      	CLRW
;__Lib_Math.c,1716 :: 		
0x01CC	0x1C03      	BTFSS      STATUS, 0
;__Lib_Math.c,1717 :: 		
0x01CD	0x3001      	MOVLW      1
;__Lib_Math.c,1718 :: 		
0x01CE	0x028C      	SUBWF      ___math_tempb, 1
;__Lib_Math.c,1719 :: 		
0x01CF	0x29E1      	GOTO       UOK22LD
;__Lib_Math.c,1721 :: 		
UADD22LD:
;__Lib_Math.c,1722 :: 		
0x01D0	0x07C8      	ADDWF      R8, 1
;__Lib_Math.c,1723 :: 		
0x01D1	0x0845      	MOVF       R5, 0
;__Lib_Math.c,1724 :: 		
0x01D2	0x1803      	BTFSC      STATUS, 0
;__Lib_Math.c,1725 :: 		
0x01D3	0x0F45      	INCFSZ     R5, 0
;__Lib_Math.c,1726 :: 		
0x01D4	0x07C9      	ADDWF      R9, 1
;__Lib_Math.c,1727 :: 		
0x01D5	0x0846      	MOVF       R6, 0
;__Lib_Math.c,1728 :: 		
0x01D6	0x1803      	BTFSC      STATUS, 0
;__Lib_Math.c,1729 :: 		
0x01D7	0x0F46      	INCFSZ     R6, 0
;__Lib_Math.c,1730 :: 		
0x01D8	0x07CA      	ADDWF      R10, 1
;__Lib_Math.c,1731 :: 		
0x01D9	0x0847      	MOVF       R7, 0
;__Lib_Math.c,1732 :: 		
0x01DA	0x1803      	BTFSC      STATUS, 0
;__Lib_Math.c,1733 :: 		
0x01DB	0x0F47      	INCFSZ     R7, 0
;__Lib_Math.c,1734 :: 		
0x01DC	0x07CB      	ADDWF      R11, 1
;__Lib_Math.c,1735 :: 		
0x01DD	0x0100      	CLRW
;__Lib_Math.c,1736 :: 		
0x01DE	0x1803      	BTFSC      STATUS, 0
;__Lib_Math.c,1737 :: 		
0x01DF	0x3001      	MOVLW      1
;__Lib_Math.c,1738 :: 		
0x01E0	0x078C      	ADDWF      ___math_tempb, 1
;__Lib_Math.c,1740 :: 		
UOK22LD:
;__Lib_Math.c,1741 :: 		
0x01E1	0x0DC0      	RLF        R0, 1
;__Lib_Math.c,1743 :: 		
0x01E2	0x0BCC      	DECFSZ     R12, 1
;__Lib_Math.c,1744 :: 		
0x01E3	0x29B5      	GOTO       LOOPU3232D
;__Lib_Math.c,1746 :: 		
0x01E4	0x1840      	BTFSC      R0, 0
;__Lib_Math.c,1747 :: 		
0x01E5	0x29F4      	GOTO       UOK22L
;__Lib_Math.c,1748 :: 		
0x01E6	0x0844      	MOVF       R4, 0
;__Lib_Math.c,1749 :: 		
0x01E7	0x07C8      	ADDWF      R8, 1
;__Lib_Math.c,1750 :: 		
0x01E8	0x0845      	MOVF       R5, 0
;__Lib_Math.c,1751 :: 		
0x01E9	0x1803      	BTFSC      STATUS, 0
;__Lib_Math.c,1752 :: 		
0x01EA	0x0F45      	INCFSZ     R5, 0
;__Lib_Math.c,1753 :: 		
0x01EB	0x07C9      	ADDWF      R9, 1
;__Lib_Math.c,1754 :: 		
0x01EC	0x0846      	MOVF       R6, 0
;__Lib_Math.c,1755 :: 		
0x01ED	0x1803      	BTFSC      STATUS, 0
;__Lib_Math.c,1756 :: 		
0x01EE	0x0F46      	INCFSZ     R6, 0
;__Lib_Math.c,1757 :: 		
0x01EF	0x07CA      	ADDWF      R10, 1
;__Lib_Math.c,1758 :: 		
0x01F0	0x0847      	MOVF       R7, 0
;__Lib_Math.c,1759 :: 		
0x01F1	0x1803      	BTFSC      STATUS, 0
;__Lib_Math.c,1760 :: 		
0x01F2	0x0F47      	INCFSZ     R7, 0
;__Lib_Math.c,1761 :: 		
0x01F3	0x07CB      	ADDWF      R11, 1
;__Lib_Math.c,1763 :: 		
UOK22L:
;__Lib_Math.c,1766 :: 		
L_end_Div_32x32_U:
0x01F4	0x0008      	RETURN
; end of _Div_32x32_U
_Sound_Init:
;__Lib_Sound.c,11 :: 		
;__Lib_Sound.c,13 :: 		
0x01F5	0x1283      	BCF        STATUS, 5
0x01F6	0x0812      	MOVF       FARG_Sound_Init_snd_port, 0
0x01F7	0x008F      	MOVWF      __Lib_Sound_soundPortAddr
;__Lib_Sound.c,15 :: 		
0x01F8	0x0813      	MOVF       FARG_Sound_Init_snd_pin, 0
0x01F9	0x00C1      	MOVWF      R1
0x01FA	0x3001      	MOVLW      1
0x01FB	0x00C0      	MOVWF      R0
0x01FC	0x0841      	MOVF       R1, 0
L__Sound_Init12:
0x01FD	0x1903      	BTFSC      STATUS, 2
0x01FE	0x2A03      	GOTO       L__Sound_Init13
0x01FF	0x0DC0      	RLF        R0, 1
0x0200	0x1040      	BCF        R0, 0
0x0201	0x3EFF      	ADDLW      255
0x0202	0x29FD      	GOTO       L__Sound_Init12
L__Sound_Init13:
0x0203	0x0840      	MOVF       R0, 0
0x0204	0x008D      	MOVWF      __Lib_Sound_pinMask1
;__Lib_Sound.c,16 :: 		
0x0205	0x09C0      	COMF       R0, 1
0x0206	0x0840      	MOVF       R0, 0
0x0207	0x008E      	MOVWF      __Lib_Sound_pinMask0
;__Lib_Sound.c,20 :: 		
0x0208	0x3080      	MOVLW      128
0x0209	0x0712      	ADDWF      FARG_Sound_Init_snd_port, 0
0x020A	0x0084      	MOVWF      FSR
;__Lib_Sound.c,21 :: 		
0x020B	0x0840      	MOVF       R0, 0
0x020C	0x0580      	ANDWF      INDF, 1
;__Lib_Sound.c,22 :: 		
0x020D	0x1384      	BCF        FSR, 7
;__Lib_Sound.c,23 :: 		
0x020E	0x0840      	MOVF       R0, 0
0x020F	0x0580      	ANDWF      INDF, 1
;__Lib_Sound.c,24 :: 		
L_end_Sound_Init:
0x0210	0x0008      	RETURN
; end of _Sound_Init
_Sound_Play:
;__Lib_Sound.c,27 :: 		
;__Lib_Sound.c,31 :: 		
0x0211	0x2075      	CALL       _Get_Fosc_kHz
0x0212	0x30E8      	MOVLW      232
0x0213	0x00C4      	MOVWF      R4
0x0214	0x3003      	MOVLW      3
0x0215	0x00C5      	MOVWF      R4+1
0x0216	0x01C6      	CLRF       R4+2
0x0217	0x01C7      	CLRF       R4+3
0x0218	0x203E      	CALL       _Mul_32x32_U
0x0219	0x0840      	MOVF       R0, 0
0x021A	0x009A      	MOVWF      Sound_Play_per_nc_L0
0x021B	0x0841      	MOVF       R0+1, 0
0x021C	0x009B      	MOVWF      Sound_Play_per_nc_L0+1
0x021D	0x0842      	MOVF       R0+2, 0
0x021E	0x009C      	MOVWF      Sound_Play_per_nc_L0+2
0x021F	0x0843      	MOVF       R0+3, 0
0x0220	0x009D      	MOVWF      Sound_Play_per_nc_L0+3
;__Lib_Sound.c,32 :: 		
0x0221	0x0812      	MOVF       FARG_Sound_Play_freq_in_hz, 0
0x0222	0x00C4      	MOVWF      R4
0x0223	0x0813      	MOVF       FARG_Sound_Play_freq_in_hz+1, 0
0x0224	0x00C5      	MOVWF      R4+1
0x0225	0x01C6      	CLRF       R4+2
0x0226	0x01C7      	CLRF       R4+3
0x0227	0x207D      	CALL       _Div_32x32_U
0x0228	0x0840      	MOVF       R0, 0
0x0229	0x009A      	MOVWF      Sound_Play_per_nc_L0
0x022A	0x0841      	MOVF       R0+1, 0
0x022B	0x009B      	MOVWF      Sound_Play_per_nc_L0+1
0x022C	0x0842      	MOVF       R0+2, 0
0x022D	0x009C      	MOVWF      Sound_Play_per_nc_L0+2
0x022E	0x0843      	MOVF       R0+3, 0
0x022F	0x009D      	MOVWF      Sound_Play_per_nc_L0+3
;__Lib_Sound.c,33 :: 		
0x0230	0x0840      	MOVF       R0, 0
0x0231	0x00C5      	MOVWF      R5
0x0232	0x0841      	MOVF       R0+1, 0
0x0233	0x00C6      	MOVWF      R5+1
0x0234	0x0842      	MOVF       R0+2, 0
0x0235	0x00C7      	MOVWF      R5+2
0x0236	0x0843      	MOVF       R0+3, 0
0x0237	0x00C8      	MOVWF      R5+3
0x0238	0x0CC8      	RRF        R5+3, 1
0x0239	0x0CC7      	RRF        R5+2, 1
0x023A	0x0CC6      	RRF        R5+1, 1
0x023B	0x0CC5      	RRF        R5, 1
0x023C	0x13C8      	BCF        R5+3, 7
0x023D	0x0CC8      	RRF        R5+3, 1
0x023E	0x0CC7      	RRF        R5+2, 1
0x023F	0x0CC6      	RRF        R5+1, 1
0x0240	0x0CC5      	RRF        R5, 1
0x0241	0x13C8      	BCF        R5+3, 7
0x0242	0x0845      	MOVF       R5, 0
0x0243	0x00C0      	MOVWF      R0
0x0244	0x0846      	MOVF       R5+1, 0
0x0245	0x00C1      	MOVWF      R0+1
0x0246	0x0847      	MOVF       R5+2, 0
0x0247	0x00C2      	MOVWF      R0+2
0x0248	0x0848      	MOVF       R5+3, 0
0x0249	0x00C3      	MOVWF      R0+3
0x024A	0x0CC3      	RRF        R0+3, 1
0x024B	0x0CC2      	RRF        R0+2, 1
0x024C	0x0CC1      	RRF        R0+1, 1
0x024D	0x0CC0      	RRF        R0, 1
0x024E	0x13C3      	BCF        R0+3, 7
0x024F	0x0840      	MOVF       R0, 0
0x0250	0x0096      	MOVWF      Sound_Play_nc_L0
0x0251	0x0841      	MOVF       R0+1, 0
0x0252	0x0097      	MOVWF      Sound_Play_nc_L0+1
;__Lib_Sound.c,36 :: 		
0x0253	0x2075      	CALL       _Get_Fosc_kHz
0x0254	0x0814      	MOVF       FARG_Sound_Play_duration_ms, 0
0x0255	0x00C4      	MOVWF      R4
0x0256	0x0815      	MOVF       FARG_Sound_Play_duration_ms+1, 0
0x0257	0x00C5      	MOVWF      R4+1
0x0258	0x01C6      	CLRF       R4+2
0x0259	0x01C7      	CLRF       R4+3
0x025A	0x203E      	CALL       _Mul_32x32_U
0x025B	0x0816      	MOVF       Sound_Play_nc_L0, 0
0x025C	0x00C9      	MOVWF      R9
0x025D	0x0817      	MOVF       Sound_Play_nc_L0+1, 0
0x025E	0x00CA      	MOVWF      R9+1
0x025F	0x01CB      	CLRF       R9+2
0x0260	0x01CC      	CLRF       R9+3
0x0261	0x3003      	MOVLW      3
0x0262	0x00C8      	MOVWF      R8
0x0263	0x0849      	MOVF       R9, 0
0x0264	0x00C4      	MOVWF      R4
0x0265	0x084A      	MOVF       R9+1, 0
0x0266	0x00C5      	MOVWF      R4+1
0x0267	0x084B      	MOVF       R9+2, 0
0x0268	0x00C6      	MOVWF      R4+2
0x0269	0x084C      	MOVF       R9+3, 0
0x026A	0x00C7      	MOVWF      R4+3
0x026B	0x0848      	MOVF       R8, 0
L__Sound_Play15:
0x026C	0x1903      	BTFSC      STATUS, 2
0x026D	0x2A75      	GOTO       L__Sound_Play16
0x026E	0x0DC4      	RLF        R4, 1
0x026F	0x0DC5      	RLF        R4+1, 1
0x0270	0x0DC6      	RLF        R4+2, 1
0x0271	0x0DC7      	RLF        R4+3, 1
0x0272	0x1044      	BCF        R4, 0
0x0273	0x3EFF      	ADDLW      255
0x0274	0x2A6C      	GOTO       L__Sound_Play15
L__Sound_Play16:
0x0275	0x207D      	CALL       _Div_32x32_U
0x0276	0x0840      	MOVF       R0, 0
0x0277	0x009A      	MOVWF      Sound_Play_per_nc_L0
0x0278	0x0841      	MOVF       R0+1, 0
0x0279	0x009B      	MOVWF      Sound_Play_per_nc_L0+1
0x027A	0x0842      	MOVF       R0+2, 0
0x027B	0x009C      	MOVWF      Sound_Play_per_nc_L0+2
0x027C	0x0843      	MOVF       R0+3, 0
0x027D	0x009D      	MOVWF      Sound_Play_per_nc_L0+3
;__Lib_Sound.c,38 :: 		
0x027E	0x300A      	MOVLW      10
0x027F	0x00C4      	MOVWF      R4
0x0280	0x3000      	MOVLW      0
0x0281	0x00C5      	MOVWF      R4+1
0x0282	0x0816      	MOVF       Sound_Play_nc_L0, 0
0x0283	0x00C0      	MOVWF      R0
0x0284	0x0817      	MOVF       Sound_Play_nc_L0+1, 0
0x0285	0x00C1      	MOVWF      R0+1
0x0286	0x2015      	CALL       _Div_16X16_U
0x0287	0x0840      	MOVF       R0, 0
0x0288	0x0096      	MOVWF      Sound_Play_nc_L0
0x0289	0x0841      	MOVF       R0+1, 0
0x028A	0x0097      	MOVWF      Sound_Play_nc_L0+1
;__Lib_Sound.c,39 :: 		
0x028B	0x3000      	MOVLW      0
0x028C	0x0241      	SUBWF      R0+1, 0
0x028D	0x1D03      	BTFSS      STATUS, 2
0x028E	0x2A91      	GOTO       L__Sound_Play17
0x028F	0x3003      	MOVLW      3
0x0290	0x0240      	SUBWF      R0, 0
L__Sound_Play17:
0x0291	0x1803      	BTFSC      STATUS, 0
0x0292	0x2A94      	GOTO       L_Sound_Play0
0x0293	0x2AE1      	GOTO       L_end_Sound_Play
L_Sound_Play0:
;__Lib_Sound.c,40 :: 		
0x0294	0x080F      	MOVF       __Lib_Sound_soundPortAddr, 0
0x0295	0x0084      	MOVWF      FSR
;__Lib_Sound.c,41 :: 		
L_Sound_Play1:
0x0296	0x081D      	MOVF       Sound_Play_per_nc_L0+3, 0
0x0297	0x3C00      	SUBLW      0
0x0298	0x1D03      	BTFSS      STATUS, 2
0x0299	0x2AA4      	GOTO       L__Sound_Play18
0x029A	0x081C      	MOVF       Sound_Play_per_nc_L0+2, 0
0x029B	0x3C00      	SUBLW      0
0x029C	0x1D03      	BTFSS      STATUS, 2
0x029D	0x2AA4      	GOTO       L__Sound_Play18
0x029E	0x081B      	MOVF       Sound_Play_per_nc_L0+1, 0
0x029F	0x3C00      	SUBLW      0
0x02A0	0x1D03      	BTFSS      STATUS, 2
0x02A1	0x2AA4      	GOTO       L__Sound_Play18
0x02A2	0x081A      	MOVF       Sound_Play_per_nc_L0, 0
0x02A3	0x3C00      	SUBLW      0
L__Sound_Play18:
0x02A4	0x1803      	BTFSC      STATUS, 0
0x02A5	0x2ADF      	GOTO       L_Sound_Play2
;__Lib_Sound.c,42 :: 		
0x02A6	0x080D      	MOVF       __Lib_Sound_pinMask1, 0
0x02A7	0x0480      	IORWF      INDF, 1
;__Lib_Sound.c,44 :: 		
0x02A8	0x0817      	MOVF       Sound_Play_nc_L0+1, 0
0x02A9	0x1903      	BTFSC      STATUS, 2
0x02AA	0x2ABB      	GOTO       L_Sound_Play3
;__Lib_Sound.c,45 :: 		
0x02AB	0x0198      	CLRF       Sound_Play_i_L0
0x02AC	0x0199      	CLRF       Sound_Play_i_L0+1
L_Sound_Play4:
0x02AD	0x3000      	MOVLW      0
0x02AE	0x0219      	SUBWF      Sound_Play_i_L0+1, 0
0x02AF	0x1D03      	BTFSS      STATUS, 2
0x02B0	0x2AB3      	GOTO       L__Sound_Play19
0x02B1	0x0817      	MOVF       Sound_Play_nc_L0+1, 0
0x02B2	0x0218      	SUBWF      Sound_Play_i_L0, 0
L__Sound_Play19:
0x02B3	0x1803      	BTFSC      STATUS, 0
0x02B4	0x2ABB      	GOTO       L_Sound_Play5
;__Lib_Sound.c,46 :: 		
0x02B5	0x019E      	CLRF       FARG_Delay_Cyc_cycles_div_by_10
0x02B6	0x2003      	CALL       _Delay_Cyc
;__Lib_Sound.c,45 :: 		
0x02B7	0x0A98      	INCF       Sound_Play_i_L0, 1
0x02B8	0x1903      	BTFSC      STATUS, 2
0x02B9	0x0A99      	INCF       Sound_Play_i_L0+1, 1
;__Lib_Sound.c,47 :: 		
0x02BA	0x2AAD      	GOTO       L_Sound_Play4
L_Sound_Play5:
;__Lib_Sound.c,48 :: 		
L_Sound_Play3:
;__Lib_Sound.c,49 :: 		
0x02BB	0x0816      	MOVF       Sound_Play_nc_L0, 0
0x02BC	0x009E      	MOVWF      FARG_Delay_Cyc_cycles_div_by_10
0x02BD	0x2003      	CALL       _Delay_Cyc
;__Lib_Sound.c,51 :: 		
0x02BE	0x080E      	MOVF       __Lib_Sound_pinMask0, 0
0x02BF	0x0580      	ANDWF      INDF, 1
;__Lib_Sound.c,53 :: 		
0x02C0	0x0817      	MOVF       Sound_Play_nc_L0+1, 0
0x02C1	0x1903      	BTFSC      STATUS, 2
0x02C2	0x2AD3      	GOTO       L_Sound_Play7
;__Lib_Sound.c,54 :: 		
0x02C3	0x0198      	CLRF       Sound_Play_i_L0
0x02C4	0x0199      	CLRF       Sound_Play_i_L0+1
L_Sound_Play8:
0x02C5	0x3000      	MOVLW      0
0x02C6	0x0219      	SUBWF      Sound_Play_i_L0+1, 0
0x02C7	0x1D03      	BTFSS      STATUS, 2
0x02C8	0x2ACB      	GOTO       L__Sound_Play20
0x02C9	0x0817      	MOVF       Sound_Play_nc_L0+1, 0
0x02CA	0x0218      	SUBWF      Sound_Play_i_L0, 0
L__Sound_Play20:
0x02CB	0x1803      	BTFSC      STATUS, 0
0x02CC	0x2AD3      	GOTO       L_Sound_Play9
;__Lib_Sound.c,55 :: 		
0x02CD	0x019E      	CLRF       FARG_Delay_Cyc_cycles_div_by_10
0x02CE	0x2003      	CALL       _Delay_Cyc
;__Lib_Sound.c,54 :: 		
0x02CF	0x0A98      	INCF       Sound_Play_i_L0, 1
0x02D0	0x1903      	BTFSC      STATUS, 2
0x02D1	0x0A99      	INCF       Sound_Play_i_L0+1, 1
;__Lib_Sound.c,56 :: 		
0x02D2	0x2AC5      	GOTO       L_Sound_Play8
L_Sound_Play9:
;__Lib_Sound.c,57 :: 		
L_Sound_Play7:
;__Lib_Sound.c,58 :: 		
0x02D3	0x0816      	MOVF       Sound_Play_nc_L0, 0
0x02D4	0x009E      	MOVWF      FARG_Delay_Cyc_cycles_div_by_10
0x02D5	0x2003      	CALL       _Delay_Cyc
;__Lib_Sound.c,60 :: 		
0x02D6	0x3001      	MOVLW      1
0x02D7	0x029A      	SUBWF      Sound_Play_per_nc_L0, 1
0x02D8	0x1C03      	BTFSS      STATUS, 0
0x02D9	0x029B      	SUBWF      Sound_Play_per_nc_L0+1, 1
0x02DA	0x1C03      	BTFSS      STATUS, 0
0x02DB	0x029C      	SUBWF      Sound_Play_per_nc_L0+2, 1
0x02DC	0x1C03      	BTFSS      STATUS, 0
0x02DD	0x029D      	SUBWF      Sound_Play_per_nc_L0+3, 1
;__Lib_Sound.c,62 :: 		
0x02DE	0x2A96      	GOTO       L_Sound_Play1
L_Sound_Play2:
;__Lib_Sound.c,63 :: 		
0x02DF	0x080E      	MOVF       __Lib_Sound_pinMask0, 0
0x02E0	0x0580      	ANDWF      INDF, 1
;__Lib_Sound.c,64 :: 		
L_end_Sound_Play:
0x02E1	0x0008      	RETURN
; end of _Sound_Play
_Button:
;__Lib_Button.c,6 :: 		
;__Lib_Button.c,8 :: 		
0x02E2	0x1283      	BCF        STATUS, 5
0x02E3	0x0197      	CLRF       Button_rslt_L0
;__Lib_Button.c,11 :: 		
0x02E4	0x0813      	MOVF       FARG_Button_pin, 0
0x02E5	0x00C1      	MOVWF      R1
0x02E6	0x3001      	MOVLW      1
0x02E7	0x00C0      	MOVWF      R0
0x02E8	0x0841      	MOVF       R1, 0
L__Button5:
0x02E9	0x1903      	BTFSC      STATUS, 2
0x02EA	0x2AEF      	GOTO       L__Button6
0x02EB	0x0DC0      	RLF        R0, 1
0x02EC	0x1040      	BCF        R0, 0
0x02ED	0x3EFF      	ADDLW      255
0x02EE	0x2AE9      	GOTO       L__Button5
L__Button6:
0x02EF	0x0840      	MOVF       R0, 0
0x02F0	0x0096      	MOVWF      Button_pMask_L0
;__Lib_Button.c,13 :: 		
0x02F1	0x0812      	MOVF       FARG_Button_port, 0
0x02F2	0x0084      	MOVWF      FSR
0x02F3	0x0840      	MOVF       R0, 0
0x02F4	0x0500      	ANDWF      INDF, 0
0x02F5	0x00C1      	MOVWF      R1
0x02F6	0x0841      	MOVF       R1, 0
0x02F7	0x3001      	MOVLW      1
0x02F8	0x1D03      	BTFSS      STATUS, 2
0x02F9	0x3000      	MOVLW      0
0x02FA	0x00C0      	MOVWF      R0
0x02FB	0x0815      	MOVF       FARG_Button_active_state, 0
0x02FC	0x06C0      	XORWF      R0, 1
0x02FD	0x1903      	BTFSC      STATUS, 2
0x02FE	0x2B17      	GOTO       L_Button0
;__Lib_Button.c,15 :: 		
L_Button1:
0x02FF	0x0814      	MOVF       FARG_Button_time_ms, 0
0x0300	0x3C00      	SUBLW      0
0x0301	0x1803      	BTFSC      STATUS, 0
0x0302	0x2B07      	GOTO       L_Button2
;__Lib_Button.c,16 :: 		
0x0303	0x2032      	CALL       _Delay_500us
;__Lib_Button.c,17 :: 		
0x0304	0x2032      	CALL       _Delay_500us
;__Lib_Button.c,18 :: 		
0x0305	0x0394      	DECF       FARG_Button_time_ms, 1
;__Lib_Button.c,19 :: 		
0x0306	0x2AFF      	GOTO       L_Button1
L_Button2:
;__Lib_Button.c,21 :: 		
0x0307	0x0812      	MOVF       FARG_Button_port, 0
0x0308	0x0084      	MOVWF      FSR
0x0309	0x0816      	MOVF       Button_pMask_L0, 0
0x030A	0x0500      	ANDWF      INDF, 0
0x030B	0x00C1      	MOVWF      R1
0x030C	0x0841      	MOVF       R1, 0
0x030D	0x3001      	MOVLW      1
0x030E	0x1D03      	BTFSS      STATUS, 2
0x030F	0x3000      	MOVLW      0
0x0310	0x00C0      	MOVWF      R0
0x0311	0x0815      	MOVF       FARG_Button_active_state, 0
0x0312	0x06C0      	XORWF      R0, 1
0x0313	0x1903      	BTFSC      STATUS, 2
0x0314	0x2B17      	GOTO       L_Button3
;__Lib_Button.c,22 :: 		
0x0315	0x30FF      	MOVLW      255
0x0316	0x0097      	MOVWF      Button_rslt_L0
L_Button3:
;__Lib_Button.c,23 :: 		
L_Button0:
;__Lib_Button.c,25 :: 		
0x0317	0x0817      	MOVF       Button_rslt_L0, 0
0x0318	0x00C0      	MOVWF      R0
;__Lib_Button.c,26 :: 		
L_end_Button:
0x0319	0x0008      	RETURN
; end of _Button
_main:
;P6ButtonNSounderN.c,10 :: 		void main() {
;P6ButtonNSounderN.c,11 :: 		TRISA = 0x1f;
0x031A	0x301F      	MOVLW      31
0x031B	0x1683      	BSF        STATUS, 5
0x031C	0x0085      	MOVWF      TRISA
;P6ButtonNSounderN.c,12 :: 		TRISB = 0b11110000;
0x031D	0x30F0      	MOVLW      240
0x031E	0x0086      	MOVWF      TRISB
;P6ButtonNSounderN.c,13 :: 		PORTB = 0x00;
0x031F	0x1283      	BCF        STATUS, 5
0x0320	0x0186      	CLRF       PORTB
;P6ButtonNSounderN.c,16 :: 		do {
L_main0:
;P6ButtonNSounderN.c,17 :: 		if(Button(&PORTA, 0, hold, 1)) {
0x0321	0x3005      	MOVLW      PORTA
0x0322	0x0092      	MOVWF      FARG_Button_port
0x0323	0x0193      	CLRF       FARG_Button_pin
0x0324	0x3032      	MOVLW      50
0x0325	0x0094      	MOVWF      FARG_Button_time_ms
0x0326	0x3001      	MOVLW      1
0x0327	0x0095      	MOVWF      FARG_Button_active_state
0x0328	0x22E2      	CALL       _Button
0x0329	0x0840      	MOVF       R0, 0
0x032A	0x1903      	BTFSC      STATUS, 2
0x032B	0x2B38      	GOTO       L_main3
;P6ButtonNSounderN.c,18 :: 		Sound_Init(&PORTB, 0);
0x032C	0x3006      	MOVLW      PORTB
0x032D	0x0092      	MOVWF      FARG_Sound_Init_snd_port
0x032E	0x0193      	CLRF       FARG_Sound_Init_snd_pin
0x032F	0x21F5      	CALL       _Sound_Init
;P6ButtonNSounderN.c,19 :: 		Sound_Play(500, play);
0x0330	0x30F4      	MOVLW      244
0x0331	0x0092      	MOVWF      FARG_Sound_Play_freq_in_hz
0x0332	0x3001      	MOVLW      1
0x0333	0x0093      	MOVWF      FARG_Sound_Play_freq_in_hz+1
0x0334	0x30F4      	MOVLW      244
0x0335	0x0094      	MOVWF      FARG_Sound_Play_duration_ms
0x0336	0x0195      	CLRF       FARG_Sound_Play_duration_ms+1
0x0337	0x2211      	CALL       _Sound_Play
;P6ButtonNSounderN.c,20 :: 		}
L_main3:
;P6ButtonNSounderN.c,21 :: 		if(Button(&PORTA, 1, hold, 1)) {
0x0338	0x3005      	MOVLW      PORTA
0x0339	0x0092      	MOVWF      FARG_Button_port
0x033A	0x3001      	MOVLW      1
0x033B	0x0093      	MOVWF      FARG_Button_pin
0x033C	0x3032      	MOVLW      50
0x033D	0x0094      	MOVWF      FARG_Button_time_ms
0x033E	0x3001      	MOVLW      1
0x033F	0x0095      	MOVWF      FARG_Button_active_state
0x0340	0x22E2      	CALL       _Button
0x0341	0x0840      	MOVF       R0, 0
0x0342	0x1903      	BTFSC      STATUS, 2
0x0343	0x2B51      	GOTO       L_main4
;P6ButtonNSounderN.c,22 :: 		Sound_Init(&PORTB, 1);
0x0344	0x3006      	MOVLW      PORTB
0x0345	0x0092      	MOVWF      FARG_Sound_Init_snd_port
0x0346	0x3001      	MOVLW      1
0x0347	0x0093      	MOVWF      FARG_Sound_Init_snd_pin
0x0348	0x21F5      	CALL       _Sound_Init
;P6ButtonNSounderN.c,23 :: 		Sound_Play(600, play);
0x0349	0x3058      	MOVLW      88
0x034A	0x0092      	MOVWF      FARG_Sound_Play_freq_in_hz
0x034B	0x3002      	MOVLW      2
0x034C	0x0093      	MOVWF      FARG_Sound_Play_freq_in_hz+1
0x034D	0x30F4      	MOVLW      244
0x034E	0x0094      	MOVWF      FARG_Sound_Play_duration_ms
0x034F	0x0195      	CLRF       FARG_Sound_Play_duration_ms+1
0x0350	0x2211      	CALL       _Sound_Play
;P6ButtonNSounderN.c,24 :: 		}
L_main4:
;P6ButtonNSounderN.c,25 :: 		if(Button(&PORTA, 2, hold, 1)) {
0x0351	0x3005      	MOVLW      PORTA
0x0352	0x0092      	MOVWF      FARG_Button_port
0x0353	0x3002      	MOVLW      2
0x0354	0x0093      	MOVWF      FARG_Button_pin
0x0355	0x3032      	MOVLW      50
0x0356	0x0094      	MOVWF      FARG_Button_time_ms
0x0357	0x3001      	MOVLW      1
0x0358	0x0095      	MOVWF      FARG_Button_active_state
0x0359	0x22E2      	CALL       _Button
0x035A	0x0840      	MOVF       R0, 0
0x035B	0x1903      	BTFSC      STATUS, 2
0x035C	0x2B6A      	GOTO       L_main5
;P6ButtonNSounderN.c,26 :: 		Sound_Init(&PORTB, 2);
0x035D	0x3006      	MOVLW      PORTB
0x035E	0x0092      	MOVWF      FARG_Sound_Init_snd_port
0x035F	0x3002      	MOVLW      2
0x0360	0x0093      	MOVWF      FARG_Sound_Init_snd_pin
0x0361	0x21F5      	CALL       _Sound_Init
;P6ButtonNSounderN.c,27 :: 		Sound_Play(700, play);
0x0362	0x30BC      	MOVLW      188
0x0363	0x0092      	MOVWF      FARG_Sound_Play_freq_in_hz
0x0364	0x3002      	MOVLW      2
0x0365	0x0093      	MOVWF      FARG_Sound_Play_freq_in_hz+1
0x0366	0x30F4      	MOVLW      244
0x0367	0x0094      	MOVWF      FARG_Sound_Play_duration_ms
0x0368	0x0195      	CLRF       FARG_Sound_Play_duration_ms+1
0x0369	0x2211      	CALL       _Sound_Play
;P6ButtonNSounderN.c,28 :: 		}
L_main5:
;P6ButtonNSounderN.c,29 :: 		if(Button(&PORTA, 3, hold, 1)) {
0x036A	0x3005      	MOVLW      PORTA
0x036B	0x0092      	MOVWF      FARG_Button_port
0x036C	0x3003      	MOVLW      3
0x036D	0x0093      	MOVWF      FARG_Button_pin
0x036E	0x3032      	MOVLW      50
0x036F	0x0094      	MOVWF      FARG_Button_time_ms
0x0370	0x3001      	MOVLW      1
0x0371	0x0095      	MOVWF      FARG_Button_active_state
0x0372	0x22E2      	CALL       _Button
0x0373	0x0840      	MOVF       R0, 0
0x0374	0x1903      	BTFSC      STATUS, 2
0x0375	0x2B83      	GOTO       L_main6
;P6ButtonNSounderN.c,30 :: 		Sound_Init(&PORTB, 3);
0x0376	0x3006      	MOVLW      PORTB
0x0377	0x0092      	MOVWF      FARG_Sound_Init_snd_port
0x0378	0x3003      	MOVLW      3
0x0379	0x0093      	MOVWF      FARG_Sound_Init_snd_pin
0x037A	0x21F5      	CALL       _Sound_Init
;P6ButtonNSounderN.c,31 :: 		Sound_Play(800, play);
0x037B	0x3020      	MOVLW      32
0x037C	0x0092      	MOVWF      FARG_Sound_Play_freq_in_hz
0x037D	0x3003      	MOVLW      3
0x037E	0x0093      	MOVWF      FARG_Sound_Play_freq_in_hz+1
0x037F	0x30F4      	MOVLW      244
0x0380	0x0094      	MOVWF      FARG_Sound_Play_duration_ms
0x0381	0x0195      	CLRF       FARG_Sound_Play_duration_ms+1
0x0382	0x2211      	CALL       _Sound_Play
;P6ButtonNSounderN.c,32 :: 		}
L_main6:
;P6ButtonNSounderN.c,33 :: 		if(Button(&PORTA, 4, hold, 1)) {
0x0383	0x3005      	MOVLW      PORTA
0x0384	0x0092      	MOVWF      FARG_Button_port
0x0385	0x3004      	MOVLW      4
0x0386	0x0093      	MOVWF      FARG_Button_pin
0x0387	0x3032      	MOVLW      50
0x0388	0x0094      	MOVWF      FARG_Button_time_ms
0x0389	0x3001      	MOVLW      1
0x038A	0x0095      	MOVWF      FARG_Button_active_state
0x038B	0x22E2      	CALL       _Button
0x038C	0x0840      	MOVF       R0, 0
0x038D	0x1903      	BTFSC      STATUS, 2
0x038E	0x2B90      	GOTO       L_main7
;P6ButtonNSounderN.c,34 :: 		PORTB = 0b00000000;
0x038F	0x0186      	CLRF       PORTB
;P6ButtonNSounderN.c,35 :: 		}
L_main7:
;P6ButtonNSounderN.c,36 :: 		} while (1);
0x0390	0x2B21      	GOTO       L_main0
;P6ButtonNSounderN.c,37 :: 		}
L_end_main:
0x0391	0x2B91      	GOTO       $+0
; end of _main
Symbol List:
//** Routines locations **
//ADDRESS    SIZE    PROCEDURE
//----------------------------------------------
0x0003      [18]    _Delay_Cyc
0x0015      [29]    _Div_16X16_U
0x0032      [12]    _Delay_500us
0x003E      [55]    _Mul_32x32_U
0x0075       [8]    _Get_Fosc_kHz
0x007D     [376]    _Div_32x32_U
0x01F5      [28]    _Sound_Init
0x0211     [209]    _Sound_Play
0x02E2      [56]    _Button
0x031A     [120]    _main
//** Variables locations ** 
//ADDRESS    SIZE    VARIABLE
//----------------------------------------------
0x0000       [1]    INDF
0x0003       [1]    STATUS
0x0004       [1]    FSR
0x0005       [1]    PORTA
0x0006       [1]    PORTB
0x000A       [1]    PCLATH
0x000C       [1]    ___math_tempb
0x000D       [1]    __Lib_Sound_pinMask1
0x000E       [1]    __Lib_Sound_pinMask0
0x000F       [1]    __Lib_Sound_soundPortAddr
0x0010       [2]    ___DoICPAddr
0x0012       [1]    FARG_Button_port
0x0012       [1]    FARG_Sound_Init_snd_port
0x0012       [2]    FARG_Sound_Play_freq_in_hz
0x0013       [1]    FARG_Button_pin
0x0013       [1]    FARG_Sound_Init_snd_pin
0x0014       [1]    FARG_Button_time_ms
0x0014       [2]    FARG_Sound_Play_duration_ms
0x0015       [1]    FARG_Button_active_state
0x0016       [2]    Sound_Play_nc_L0
0x0016       [1]    Button_pMask_L0
0x0017       [1]    Button_rslt_L0
0x0018       [2]    Sound_Play_i_L0
0x001A       [4]    Sound_Play_per_nc_L0
0x001E       [1]    FARG_Delay_Cyc_cycles_div_by_10
0x0040       [1]    R0
0x0041       [1]    R1
0x0042       [1]    R2
0x0043       [1]    R3
0x0044       [1]    R4
0x0045       [1]    R5
0x0046       [1]    R6
0x0047       [1]    R7
0x0048       [1]    R8
0x0049       [1]    R9
0x004A       [1]    R10
0x004B       [1]    R11
0x004C       [1]    R12
0x004D       [1]    R13
0x004E       [1]    R14
0x004F       [1]    R15
0x0085       [1]    TRISA
0x0086       [1]    TRISB
