;  LST file generated by mikroListExporter - v.2.0 
; Date/Time: 21/01/2022 16:30:04
;----------------------------------------------

;Address Opcode 	ASM
0x0000	0x2803      	GOTO       3
_main:
;P2BlinkAllGradual.c,6 :: 		void main() {
;P2BlinkAllGradual.c,7 :: 		TRISA = 0x1f;
0x0003	0x301F      	MOVLW      31
0x0004	0x1683      	BSF        STATUS, 5
0x0005	0x0085      	MOVWF      TRISA
;P2BlinkAllGradual.c,8 :: 		TRISB = 0x00;
0x0006	0x0186      	CLRF       TRISB
;P2BlinkAllGradual.c,10 :: 		do {
L_main0:
;P2BlinkAllGradual.c,11 :: 		PORTB = 0b00000000;
0x0007	0x1283      	BCF        STATUS, 5
0x0008	0x0186      	CLRF       PORTB
;P2BlinkAllGradual.c,12 :: 		Delay_ms(delay);
0x0009	0x3041      	MOVLW      65
0x000A	0x00CC      	MOVWF      R12
0x000B	0x30EE      	MOVLW      238
0x000C	0x00CD      	MOVWF      R13
L_main3:
0x000D	0x0BCD      	DECFSZ     R13, 1
0x000E	0x280D      	GOTO       L_main3
0x000F	0x0BCC      	DECFSZ     R12, 1
0x0010	0x280D      	GOTO       L_main3
0x0011	0x0000      	NOP
;P2BlinkAllGradual.c,14 :: 		PORTB = 0b00000001;
0x0012	0x3001      	MOVLW      1
0x0013	0x0086      	MOVWF      PORTB
;P2BlinkAllGradual.c,15 :: 		Delay_ms(delay);
0x0014	0x3041      	MOVLW      65
0x0015	0x00CC      	MOVWF      R12
0x0016	0x30EE      	MOVLW      238
0x0017	0x00CD      	MOVWF      R13
L_main4:
0x0018	0x0BCD      	DECFSZ     R13, 1
0x0019	0x2818      	GOTO       L_main4
0x001A	0x0BCC      	DECFSZ     R12, 1
0x001B	0x2818      	GOTO       L_main4
0x001C	0x0000      	NOP
;P2BlinkAllGradual.c,16 :: 		PORTB = 0b00000011;
0x001D	0x3003      	MOVLW      3
0x001E	0x0086      	MOVWF      PORTB
;P2BlinkAllGradual.c,17 :: 		Delay_ms(delay);
0x001F	0x3041      	MOVLW      65
0x0020	0x00CC      	MOVWF      R12
0x0021	0x30EE      	MOVLW      238
0x0022	0x00CD      	MOVWF      R13
L_main5:
0x0023	0x0BCD      	DECFSZ     R13, 1
0x0024	0x2823      	GOTO       L_main5
0x0025	0x0BCC      	DECFSZ     R12, 1
0x0026	0x2823      	GOTO       L_main5
0x0027	0x0000      	NOP
;P2BlinkAllGradual.c,18 :: 		PORTB = 0b00000111;
0x0028	0x3007      	MOVLW      7
0x0029	0x0086      	MOVWF      PORTB
;P2BlinkAllGradual.c,19 :: 		Delay_ms(delay);
0x002A	0x3041      	MOVLW      65
0x002B	0x00CC      	MOVWF      R12
0x002C	0x30EE      	MOVLW      238
0x002D	0x00CD      	MOVWF      R13
L_main6:
0x002E	0x0BCD      	DECFSZ     R13, 1
0x002F	0x282E      	GOTO       L_main6
0x0030	0x0BCC      	DECFSZ     R12, 1
0x0031	0x282E      	GOTO       L_main6
0x0032	0x0000      	NOP
;P2BlinkAllGradual.c,20 :: 		PORTB = 0b00001111;
0x0033	0x300F      	MOVLW      15
0x0034	0x0086      	MOVWF      PORTB
;P2BlinkAllGradual.c,21 :: 		Delay_ms(delay);
0x0035	0x3041      	MOVLW      65
0x0036	0x00CC      	MOVWF      R12
0x0037	0x30EE      	MOVLW      238
0x0038	0x00CD      	MOVWF      R13
L_main7:
0x0039	0x0BCD      	DECFSZ     R13, 1
0x003A	0x2839      	GOTO       L_main7
0x003B	0x0BCC      	DECFSZ     R12, 1
0x003C	0x2839      	GOTO       L_main7
0x003D	0x0000      	NOP
;P2BlinkAllGradual.c,22 :: 		PORTB = 0b00011111;
0x003E	0x301F      	MOVLW      31
0x003F	0x0086      	MOVWF      PORTB
;P2BlinkAllGradual.c,23 :: 		Delay_ms(delay);
0x0040	0x3041      	MOVLW      65
0x0041	0x00CC      	MOVWF      R12
0x0042	0x30EE      	MOVLW      238
0x0043	0x00CD      	MOVWF      R13
L_main8:
0x0044	0x0BCD      	DECFSZ     R13, 1
0x0045	0x2844      	GOTO       L_main8
0x0046	0x0BCC      	DECFSZ     R12, 1
0x0047	0x2844      	GOTO       L_main8
0x0048	0x0000      	NOP
;P2BlinkAllGradual.c,24 :: 		PORTB = 0b00111111;
0x0049	0x303F      	MOVLW      63
0x004A	0x0086      	MOVWF      PORTB
;P2BlinkAllGradual.c,25 :: 		Delay_ms(delay);
0x004B	0x3041      	MOVLW      65
0x004C	0x00CC      	MOVWF      R12
0x004D	0x30EE      	MOVLW      238
0x004E	0x00CD      	MOVWF      R13
L_main9:
0x004F	0x0BCD      	DECFSZ     R13, 1
0x0050	0x284F      	GOTO       L_main9
0x0051	0x0BCC      	DECFSZ     R12, 1
0x0052	0x284F      	GOTO       L_main9
0x0053	0x0000      	NOP
;P2BlinkAllGradual.c,26 :: 		PORTB = 0b01111111;
0x0054	0x307F      	MOVLW      127
0x0055	0x0086      	MOVWF      PORTB
;P2BlinkAllGradual.c,27 :: 		Delay_ms(delay);
0x0056	0x3041      	MOVLW      65
0x0057	0x00CC      	MOVWF      R12
0x0058	0x30EE      	MOVLW      238
0x0059	0x00CD      	MOVWF      R13
L_main10:
0x005A	0x0BCD      	DECFSZ     R13, 1
0x005B	0x285A      	GOTO       L_main10
0x005C	0x0BCC      	DECFSZ     R12, 1
0x005D	0x285A      	GOTO       L_main10
0x005E	0x0000      	NOP
;P2BlinkAllGradual.c,29 :: 		PORTB = 0b11111111;
0x005F	0x30FF      	MOVLW      255
0x0060	0x0086      	MOVWF      PORTB
;P2BlinkAllGradual.c,31 :: 		Delay_ms(delay);
0x0061	0x3041      	MOVLW      65
0x0062	0x00CC      	MOVWF      R12
0x0063	0x30EE      	MOVLW      238
0x0064	0x00CD      	MOVWF      R13
L_main11:
0x0065	0x0BCD      	DECFSZ     R13, 1
0x0066	0x2865      	GOTO       L_main11
0x0067	0x0BCC      	DECFSZ     R12, 1
0x0068	0x2865      	GOTO       L_main11
0x0069	0x0000      	NOP
;P2BlinkAllGradual.c,32 :: 		PORTB = 0b01111111;
0x006A	0x307F      	MOVLW      127
0x006B	0x0086      	MOVWF      PORTB
;P2BlinkAllGradual.c,33 :: 		Delay_ms(delay);
0x006C	0x3041      	MOVLW      65
0x006D	0x00CC      	MOVWF      R12
0x006E	0x30EE      	MOVLW      238
0x006F	0x00CD      	MOVWF      R13
L_main12:
0x0070	0x0BCD      	DECFSZ     R13, 1
0x0071	0x2870      	GOTO       L_main12
0x0072	0x0BCC      	DECFSZ     R12, 1
0x0073	0x2870      	GOTO       L_main12
0x0074	0x0000      	NOP
;P2BlinkAllGradual.c,34 :: 		PORTB = 0b00111111;
0x0075	0x303F      	MOVLW      63
0x0076	0x0086      	MOVWF      PORTB
;P2BlinkAllGradual.c,35 :: 		Delay_ms(delay);
0x0077	0x3041      	MOVLW      65
0x0078	0x00CC      	MOVWF      R12
0x0079	0x30EE      	MOVLW      238
0x007A	0x00CD      	MOVWF      R13
L_main13:
0x007B	0x0BCD      	DECFSZ     R13, 1
0x007C	0x287B      	GOTO       L_main13
0x007D	0x0BCC      	DECFSZ     R12, 1
0x007E	0x287B      	GOTO       L_main13
0x007F	0x0000      	NOP
;P2BlinkAllGradual.c,36 :: 		PORTB = 0b00011111;
0x0080	0x301F      	MOVLW      31
0x0081	0x0086      	MOVWF      PORTB
;P2BlinkAllGradual.c,37 :: 		Delay_ms(delay);
0x0082	0x3041      	MOVLW      65
0x0083	0x00CC      	MOVWF      R12
0x0084	0x30EE      	MOVLW      238
0x0085	0x00CD      	MOVWF      R13
L_main14:
0x0086	0x0BCD      	DECFSZ     R13, 1
0x0087	0x2886      	GOTO       L_main14
0x0088	0x0BCC      	DECFSZ     R12, 1
0x0089	0x2886      	GOTO       L_main14
0x008A	0x0000      	NOP
;P2BlinkAllGradual.c,38 :: 		PORTB = 0b00001111;
0x008B	0x300F      	MOVLW      15
0x008C	0x0086      	MOVWF      PORTB
;P2BlinkAllGradual.c,39 :: 		Delay_ms(delay);
0x008D	0x3041      	MOVLW      65
0x008E	0x00CC      	MOVWF      R12
0x008F	0x30EE      	MOVLW      238
0x0090	0x00CD      	MOVWF      R13
L_main15:
0x0091	0x0BCD      	DECFSZ     R13, 1
0x0092	0x2891      	GOTO       L_main15
0x0093	0x0BCC      	DECFSZ     R12, 1
0x0094	0x2891      	GOTO       L_main15
0x0095	0x0000      	NOP
;P2BlinkAllGradual.c,40 :: 		PORTB = 0b00000111;
0x0096	0x3007      	MOVLW      7
0x0097	0x0086      	MOVWF      PORTB
;P2BlinkAllGradual.c,41 :: 		Delay_ms(delay);
0x0098	0x3041      	MOVLW      65
0x0099	0x00CC      	MOVWF      R12
0x009A	0x30EE      	MOVLW      238
0x009B	0x00CD      	MOVWF      R13
L_main16:
0x009C	0x0BCD      	DECFSZ     R13, 1
0x009D	0x289C      	GOTO       L_main16
0x009E	0x0BCC      	DECFSZ     R12, 1
0x009F	0x289C      	GOTO       L_main16
0x00A0	0x0000      	NOP
;P2BlinkAllGradual.c,42 :: 		PORTB = 0b00000011;
0x00A1	0x3003      	MOVLW      3
0x00A2	0x0086      	MOVWF      PORTB
;P2BlinkAllGradual.c,43 :: 		Delay_ms(delay);
0x00A3	0x3041      	MOVLW      65
0x00A4	0x00CC      	MOVWF      R12
0x00A5	0x30EE      	MOVLW      238
0x00A6	0x00CD      	MOVWF      R13
L_main17:
0x00A7	0x0BCD      	DECFSZ     R13, 1
0x00A8	0x28A7      	GOTO       L_main17
0x00A9	0x0BCC      	DECFSZ     R12, 1
0x00AA	0x28A7      	GOTO       L_main17
0x00AB	0x0000      	NOP
;P2BlinkAllGradual.c,44 :: 		PORTB = 0b00000001;
0x00AC	0x3001      	MOVLW      1
0x00AD	0x0086      	MOVWF      PORTB
;P2BlinkAllGradual.c,45 :: 		Delay_ms(delay);
0x00AE	0x3041      	MOVLW      65
0x00AF	0x00CC      	MOVWF      R12
0x00B0	0x30EE      	MOVLW      238
0x00B1	0x00CD      	MOVWF      R13
L_main18:
0x00B2	0x0BCD      	DECFSZ     R13, 1
0x00B3	0x28B2      	GOTO       L_main18
0x00B4	0x0BCC      	DECFSZ     R12, 1
0x00B5	0x28B2      	GOTO       L_main18
0x00B6	0x0000      	NOP
;P2BlinkAllGradual.c,46 :: 		} while(1);
0x00B7	0x2807      	GOTO       L_main0
;P2BlinkAllGradual.c,48 :: 		}
L_end_main:
0x00B8	0x28B8      	GOTO       $+0
; end of _main
Symbol List:
//** Routines locations **
//ADDRESS    SIZE    PROCEDURE
//----------------------------------------------
0x0003     [182]    _main
//** Variables locations ** 
//ADDRESS    SIZE    VARIABLE
//----------------------------------------------
0x0000       [1]    INDF
0x0003       [1]    STATUS
0x0004       [1]    FSR
0x0006       [1]    PORTB
0x000A       [1]    PCLATH
0x000C       [2]    ___DoICPAddr
0x0040       [1]    R0
0x0041       [1]    R1
0x0042       [1]    R2
0x0043       [1]    R3
0x0044       [1]    R4
0x0045       [1]    R5
0x0046       [1]    R6
0x0047       [1]    R7
0x0048       [1]    R8
0x0049       [1]    R9
0x004A       [1]    R10
0x004B       [1]    R11
0x004C       [1]    R12
0x004D       [1]    R13
0x004E       [1]    R14
0x004F       [1]    R15
0x0085       [1]    TRISA
0x0086       [1]    TRISB
